Executing dataset=books_100M_public_uint64, insert-ratio=0.900000, index=LIPP
Repeating lookup code 3 time(s).
Using 1 thread(s).
read 100000000 values from /scratch/gpfs/MENGDIW/shuzhen/COS568-LI-SP26/data/books_100M_public_uint64 in 459 ms (217.865 M values/s)
read 2000000 values from /scratch/gpfs/MENGDIW/shuzhen/COS568-LI-SP26/data/books_100M_public_uint64_ops_2M_0.000000rq_0.500000nl_0.900000i_0m_mix in 31 ms (64.5161 M values/s)
read 98200000 values from /scratch/gpfs/MENGDIW/shuzhen/COS568-LI-SP26/data/books_100M_public_uint64_ops_2M_0.000000rq_0.500000nl_0.900000i_0m_mix_bulkload in 933 ms (105.252 M values/s)
Data is unique.
Variable rsum was: 0
RESULT: LIPP,9957767,7733055,5363934index size,11753613200Throughput: ,3.01511,2.69428,2.67816
Executing dataset=books_100M_public_uint64, insert-ratio=0.900000, index=DynamicPGM
Repeating lookup code 3 time(s).
Using 1 thread(s).
read 100000000 values from /scratch/gpfs/MENGDIW/shuzhen/COS568-LI-SP26/data/books_100M_public_uint64 in 658 ms (151.976 M values/s)
read 2000000 values from /scratch/gpfs/MENGDIW/shuzhen/COS568-LI-SP26/data/books_100M_public_uint64_ops_2M_0.000000rq_0.500000nl_0.900000i_0m_mix in 44 ms (45.4545 M values/s)
read 98200000 values from /scratch/gpfs/MENGDIW/shuzhen/COS568-LI-SP26/data/books_100M_public_uint64_ops_2M_0.000000rq_0.500000nl_0.900000i_0m_mix_bulkload in 1303 ms (75.3645 M values/s)
Data is unique.
Variable rsum was: 0
RESULT: DynamicPGM,3455266,3432158,3440915index size,1703241188Throughput: ,3.08761,3.08313,3.09624Variant: ,LinearSearchVariant: ,32
Variable rsum was: 0
RESULT: DynamicPGM,2705116,2696717,2692432index size,1700049408Throughput: ,3.14905,3.15395,3.18317Variant: ,InterpolationSearchVariant: ,128
Variable rsum was: 0
RESULT: DynamicPGM,2632020,2631745,2632823index size,1700011168Throughput: ,3.01169,3.03423,3.03088Variant: ,InterpolationSearchVariant: ,256
Executing dataset=books_100M_public_uint64, insert-ratio=0.900000, index=HybridPGMLIPPInsertTunedSpecialized
Repeating lookup code 3 time(s).
Using 1 thread(s).
read 100000000 values from /scratch/gpfs/MENGDIW/shuzhen/COS568-LI-SP26/data/books_100M_public_uint64 in 805 ms (124.224 M values/s)
read 2000000 values from /scratch/gpfs/MENGDIW/shuzhen/COS568-LI-SP26/data/books_100M_public_uint64_ops_2M_0.000000rq_0.500000nl_0.900000i_0m_mix in 42 ms (47.619 M values/s)
read 98200000 values from /scratch/gpfs/MENGDIW/shuzhen/COS568-LI-SP26/data/books_100M_public_uint64_ops_2M_0.000000rq_0.500000nl_0.900000i_0m_mix_bulkload in 1514 ms (64.8613 M values/s)
Data is unique.
Variable rsum was: 0
RESULT: HybridPGMLIPPSpecialized,10059193,7753987,5320911index size,11686069032Throughput: ,4.00878,4.04732,4.03091Variant: ,BinarySearchVariant: ,64
Variable rsum was: 0
RESULT: HybridPGMLIPPSpecialized,5366995,5315115,5370834index size,11686067432Throughput: ,4.16937,4.17459,4.10618Variant: ,BinarySearchVariant: ,128
Variable rsum was: 0
RESULT: HybridPGMLIPPSpecialized,5329850,5305533,5393830index size,11686067012Throughput: ,4.03451,3.9986,3.84999Variant: ,BinarySearchVariant: ,256
Variable rsum was: 0
RESULT: HybridPGMLIPPSpecialized,5423116,5392935,5421354index size,11686066852Throughput: ,4.12318,4.09579,4.04092Variant: ,BinarySearchVariant: ,512
Variable rsum was: 0
RESULT: HybridPGMLIPPSpecialized,5447283,5381948,5391936index size,11686066792Throughput: ,3.87602,3.96708,3.92243Variant: ,BinarySearchVariant: ,1024
Variable rsum was: 0
RESULT: HybridPGMLIPPSpecialized,5447602,5398178,5395269index size,11686066792Throughput: ,3.7031,3.82914,3.86754Variant: ,BinarySearchVariant: ,2048
Variable rsum was: 0
RESULT: HybridPGMLIPPSpecialized,5404535,5399689,5452680index size,11686069032Throughput: ,3.90797,3.79951,3.85044Variant: ,InterpolationSearchVariant: ,64
Variable rsum was: 0
RESULT: HybridPGMLIPPSpecialized,5393553,5395675,5476929index size,11686067432Throughput: ,4.1764,4.13734,4.07498Variant: ,InterpolationSearchVariant: ,128
Variable rsum was: 0
RESULT: HybridPGMLIPPSpecialized,5387352,5389755,5433976index size,11686067012Throughput: ,3.99471,3.9685,3.9556Variant: ,InterpolationSearchVariant: ,256
Variable rsum was: 0
RESULT: HybridPGMLIPPSpecialized,5436799,5393776,5398352index size,11686066852Throughput: ,4.17511,4.19356,4.13961Variant: ,InterpolationSearchVariant: ,512
Variable rsum was: 0
RESULT: HybridPGMLIPPSpecialized,5430303,5451661,5389459index size,11686066792Throughput: ,3.96222,4.01659,4.00823Variant: ,InterpolationSearchVariant: ,1024
Variable rsum was: 0
RESULT: HybridPGMLIPPSpecialized,5403969,5494203,5408101index size,11686066792Throughput: ,4.04074,4.00178,4.05191Variant: ,InterpolationSearchVariant: ,2048
Variable rsum was: 0
RESULT: HybridPGMLIPPSpecialized,5391064,5378785,5445929index size,11686075312Throughput: ,3.97876,4.10296,4.06972Variant: ,LinearSearchVariant: ,32
Variable rsum was: 0
RESULT: HybridPGMLIPPSpecialized,5453178,5394714,5400309index size,11686069032Throughput: ,3.85148,3.93292,3.92629Variant: ,LinearSearchVariant: ,64
Executing dataset=books_100M_public_uint64, insert-ratio=0.900000, index=HybridPGMLIPPLookupShardedSpecialized6
Repeating lookup code 3 time(s).
Using 1 thread(s).
read 100000000 values from /scratch/gpfs/MENGDIW/shuzhen/COS568-LI-SP26/data/books_100M_public_uint64 in 570 ms (175.439 M values/s)
read 2000000 values from /scratch/gpfs/MENGDIW/shuzhen/COS568-LI-SP26/data/books_100M_public_uint64_ops_2M_0.000000rq_0.500000nl_0.900000i_0m_mix in 41 ms (48.7805 M values/s)
read 98200000 values from /scratch/gpfs/MENGDIW/shuzhen/COS568-LI-SP26/data/books_100M_public_uint64_ops_2M_0.000000rq_0.500000nl_0.900000i_0m_mix_bulkload in 1191 ms (82.4517 M values/s)
Data is unique.
Variable rsum was: 0
RESULT: HybridPGMLIPPSpecialized,10114514,7901585,5407516index size,11686092272Throughput: ,5.68431,5.67677,5.54919Variant: ,lookup-no-flush-sharded-specializedVariant: ,6Variant: ,BinarySearchVariant: ,128
Executing dataset=books_100M_public_uint64, insert-ratio=0.900000, index=HybridPGMLIPPLookupSharded64TunedSpecialized
Repeating lookup code 3 time(s).
Using 1 thread(s).
read 100000000 values from /scratch/gpfs/MENGDIW/shuzhen/COS568-LI-SP26/data/books_100M_public_uint64 in 561 ms (178.253 M values/s)
read 2000000 values from /scratch/gpfs/MENGDIW/shuzhen/COS568-LI-SP26/data/books_100M_public_uint64_ops_2M_0.000000rq_0.500000nl_0.900000i_0m_mix in 36 ms (55.5556 M values/s)
read 98200000 values from /scratch/gpfs/MENGDIW/shuzhen/COS568-LI-SP26/data/books_100M_public_uint64_ops_2M_0.000000rq_0.500000nl_0.900000i_0m_mix_bulkload in 1120 ms (87.6786 M values/s)
Data is unique.
Variable rsum was: 0
RESULT: HybridPGMLIPPSpecialized,10123901,7987686,5422674index size,11686092272Throughput: ,5.69326,5.67103,5.65427Variant: ,lookup-no-flush-sharded-specializedVariant: ,6Variant: ,BinarySearchVariant: ,128
Variable rsum was: 0
RESULT: HybridPGMLIPPSpecialized,5457577,5385623,5315983index size,11686092272Throughput: ,5.56901,5.69795,5.836Variant: ,lookup-no-flush-sharded-specializedVariant: ,6Variant: ,BinarySearchVariant: ,512
Variable rsum was: 0
RESULT: HybridPGMLIPPSpecialized,5353718,5382242,5307637index size,11686092272Throughput: ,5.53153,5.63733,5.64174Variant: ,lookup-no-flush-sharded-specializedVariant: ,6Variant: ,BinarySearchVariant: ,1024
Variable rsum was: 0
RESULT: HybridPGMLIPPSpecialized,5328069,5401506,5305957index size,11686092272Throughput: ,5.75405,5.71611,5.78217Variant: ,lookup-no-flush-sharded-specializedVariant: ,6Variant: ,InterpolationSearchVariant: ,128
