Host: della-r3c2n7
Start: Sat Mar 28 15:28:49 EDT 2026
Run root: /scratch/gpfs/MENGDIW/shuzhen/COS568-LI-SP26-runs/milestone3_insert_sharded_specialized/6178437
Dataset: fb_100M_public_uint64
Executing dataset=fb_100M_public_uint64, insert-ratio=0.900000, index=LIPP
Repeating lookup code 3 time(s).
Using 1 thread(s).
read 100000000 values from /scratch/gpfs/MENGDIW/shuzhen/COS568-LI-SP26/data/fb_100M_public_uint64 in 1451 ms (68.918 M values/s)
read 2000000 values from /scratch/gpfs/MENGDIW/shuzhen/COS568-LI-SP26/data/fb_100M_public_uint64_ops_2M_0.000000rq_0.500000nl_0.900000i_0m_mix in 94 ms (21.2766 M values/s)
read 98200000 values from /scratch/gpfs/MENGDIW/shuzhen/COS568-LI-SP26/data/fb_100M_public_uint64_ops_2M_0.000000rq_0.500000nl_0.900000i_0m_mix_bulkload in 1676 ms (58.5919 M values/s)
Data is unique.
Variable rsum was: 0
RESULT: LIPP,10077216,7390458,5137532index size,12656662928Throughput: ,2.18543,2.09299,2.02996
Executing dataset=fb_100M_public_uint64, insert-ratio=0.900000, index=DynamicPGM
Repeating lookup code 3 time(s).
Using 1 thread(s).
read 100000000 values from /scratch/gpfs/MENGDIW/shuzhen/COS568-LI-SP26/data/fb_100M_public_uint64 in 789 ms (126.743 M values/s)
read 2000000 values from /scratch/gpfs/MENGDIW/shuzhen/COS568-LI-SP26/data/fb_100M_public_uint64_ops_2M_0.000000rq_0.500000nl_0.900000i_0m_mix in 53 ms (37.7358 M values/s)
read 98200000 values from /scratch/gpfs/MENGDIW/shuzhen/COS568-LI-SP26/data/fb_100M_public_uint64_ops_2M_0.000000rq_0.500000nl_0.900000i_0m_mix_bulkload in 1571 ms (62.508 M values/s)
Data is unique.
Variable rsum was: 0
RESULT: DynamicPGM,4233018,4149957,4173063index size,1700494188Throughput: ,2.73319,2.84428,2.88714Variant: ,BinarySearchVariant: ,512
Variable rsum was: 0
RESULT: DynamicPGM,4916120,4908537,4869556index size,1705154448Throughput: ,2.89412,2.90997,2.98855Variant: ,BinarySearchVariant: ,64
Variable rsum was: 0
RESULT: DynamicPGM,4558453,4665823,4667964index size,1702518268Throughput: ,3.04839,2.8673,3.02539Variant: ,BinarySearchVariant: ,128
Executing dataset=fb_100M_public_uint64, insert-ratio=0.900000, index=HybridPGMLIPPInsertTunedSpecialized
Repeating lookup code 3 time(s).
Using 1 thread(s).
read 100000000 values from /scratch/gpfs/MENGDIW/shuzhen/COS568-LI-SP26/data/fb_100M_public_uint64 in 488 ms (204.918 M values/s)
read 2000000 values from /scratch/gpfs/MENGDIW/shuzhen/COS568-LI-SP26/data/fb_100M_public_uint64_ops_2M_0.000000rq_0.500000nl_0.900000i_0m_mix in 32 ms (62.5 M values/s)
read 98200000 values from /scratch/gpfs/MENGDIW/shuzhen/COS568-LI-SP26/data/fb_100M_public_uint64_ops_2M_0.000000rq_0.500000nl_0.900000i_0m_mix_bulkload in 1002 ms (98.004 M values/s)
Data is unique.
Variable rsum was: 0
RESULT: HybridPGMLIPPSpecialized,10144338,7528016,5195340index size,12538258780Throughput: ,3.92927,3.76561,3.8763Variant: ,BinarySearchVariant: ,64
Variable rsum was: 0
RESULT: HybridPGMLIPPSpecialized,5339501,5203059,5238351index size,12538249840Throughput: ,3.91418,4.05311,4.04935Variant: ,BinarySearchVariant: ,128
Variable rsum was: 0
RESULT: HybridPGMLIPPSpecialized,5262003,5281923,5232538index size,12538247740Throughput: ,3.65334,3.87723,3.78928Variant: ,BinarySearchVariant: ,256
Variable rsum was: 0
RESULT: HybridPGMLIPPSpecialized,5207436,5265308,5250084index size,12538247120Throughput: ,4.07145,3.93619,4.06184Variant: ,BinarySearchVariant: ,512
Variable rsum was: 0
RESULT: HybridPGMLIPPSpecialized,5250013,5220511,5295538index size,12538246980Throughput: ,3.81739,3.87262,3.74691Variant: ,BinarySearchVariant: ,1024
Variable rsum was: 0
RESULT: HybridPGMLIPPSpecialized,5247664,5235858,5260486index size,12538246840Throughput: ,3.75257,3.83708,3.82252Variant: ,BinarySearchVariant: ,2048
Variable rsum was: 0
RESULT: HybridPGMLIPPSpecialized,5306047,5258856,5260526index size,12538258780Throughput: ,3.66812,3.75196,3.74795Variant: ,InterpolationSearchVariant: ,64
Variable rsum was: 0
RESULT: HybridPGMLIPPSpecialized,5231705,5293511,5250798index size,12538249840Throughput: ,3.97445,3.86817,4.00345Variant: ,InterpolationSearchVariant: ,128
Variable rsum was: 0
RESULT: HybridPGMLIPPSpecialized,5326019,5299022,5361112index size,12538247740Throughput: ,3.66566,3.78265,3.76172Variant: ,InterpolationSearchVariant: ,256
Variable rsum was: 0
RESULT: HybridPGMLIPPSpecialized,5314198,5367473,5330548index size,12538247120Throughput: ,3.89424,3.84482,3.81349Variant: ,InterpolationSearchVariant: ,512
Variable rsum was: 0
RESULT: HybridPGMLIPPSpecialized,5333772,5301419,5320733index size,12538246980Throughput: ,3.72903,3.78535,3.82633Variant: ,InterpolationSearchVariant: ,1024
Variable rsum was: 0
RESULT: HybridPGMLIPPSpecialized,5278689,5256027,5179128index size,12538246840Throughput: ,3.78885,3.89838,3.89543Variant: ,InterpolationSearchVariant: ,2048
Variable rsum was: 0
RESULT: HybridPGMLIPPSpecialized,5218315,5242926,5206671index size,12538290880Throughput: ,3.9246,3.90681,3.97861Variant: ,LinearSearchVariant: ,32
Variable rsum was: 0
RESULT: HybridPGMLIPPSpecialized,5196925,5198678,5293483index size,12538258780Throughput: ,3.82079,3.72514,3.62007Variant: ,LinearSearchVariant: ,64
Executing dataset=fb_100M_public_uint64, insert-ratio=0.900000, index=HybridPGMLIPPLookupShardedSpecialized2
Repeating lookup code 3 time(s).
Using 1 thread(s).
read 100000000 values from /scratch/gpfs/MENGDIW/shuzhen/COS568-LI-SP26/data/fb_100M_public_uint64 in 647 ms (154.56 M values/s)
read 2000000 values from /scratch/gpfs/MENGDIW/shuzhen/COS568-LI-SP26/data/fb_100M_public_uint64_ops_2M_0.000000rq_0.500000nl_0.900000i_0m_mix in 44 ms (45.4545 M values/s)
read 98200000 values from /scratch/gpfs/MENGDIW/shuzhen/COS568-LI-SP26/data/fb_100M_public_uint64_ops_2M_0.000000rq_0.500000nl_0.900000i_0m_mix_bulkload in 1236 ms (79.4498 M values/s)
Data is unique.
Variable rsum was: 0
RESULT: HybridPGMLIPPSpecialized,10077735,7627963,5262757index size,12538249464Throughput: ,4.48503,4.3613,4.46205Variant: ,lookup-no-flush-sharded-specializedVariant: ,2
Executing dataset=fb_100M_public_uint64, insert-ratio=0.900000, index=HybridPGMLIPPLookupShardedSpecialized3
Repeating lookup code 3 time(s).
Using 1 thread(s).
read 100000000 values from /scratch/gpfs/MENGDIW/shuzhen/COS568-LI-SP26/data/fb_100M_public_uint64 in 713 ms (140.252 M values/s)
read 2000000 values from /scratch/gpfs/MENGDIW/shuzhen/COS568-LI-SP26/data/fb_100M_public_uint64_ops_2M_0.000000rq_0.500000nl_0.900000i_0m_mix in 50 ms (40 M values/s)
read 98200000 values from /scratch/gpfs/MENGDIW/shuzhen/COS568-LI-SP26/data/fb_100M_public_uint64_ops_2M_0.000000rq_0.500000nl_0.900000i_0m_mix_bulkload in 1273 ms (77.1406 M values/s)
Data is unique.
Variable rsum was: 0
RESULT: HybridPGMLIPPSpecialized,9967329,7668722,5416385index size,12538250048Throughput: ,4.93283,4.85891,4.99466Variant: ,lookup-no-flush-sharded-specializedVariant: ,3
Executing dataset=fb_100M_public_uint64, insert-ratio=0.900000, index=HybridPGMLIPPLookupShardedSpecialized4
Repeating lookup code 3 time(s).
Using 1 thread(s).
read 100000000 values from /scratch/gpfs/MENGDIW/shuzhen/COS568-LI-SP26/data/fb_100M_public_uint64 in 673 ms (148.588 M values/s)
read 2000000 values from /scratch/gpfs/MENGDIW/shuzhen/COS568-LI-SP26/data/fb_100M_public_uint64_ops_2M_0.000000rq_0.500000nl_0.900000i_0m_mix in 44 ms (45.4545 M values/s)
read 98200000 values from /scratch/gpfs/MENGDIW/shuzhen/COS568-LI-SP26/data/fb_100M_public_uint64_ops_2M_0.000000rq_0.500000nl_0.900000i_0m_mix_bulkload in 1412 ms (69.5467 M values/s)
Data is unique.
Variable rsum was: 0
RESULT: HybridPGMLIPPSpecialized,10007178,7758410,5262095index size,12538253504Throughput: ,5.11819,5.0436,5.1809Variant: ,lookup-no-flush-sharded-specializedVariant: ,4
Executing dataset=fb_100M_public_uint64, insert-ratio=0.900000, index=HybridPGMLIPPLookupShardedSpecialized6
Repeating lookup code 3 time(s).
Using 1 thread(s).
read 100000000 values from /scratch/gpfs/MENGDIW/shuzhen/COS568-LI-SP26/data/fb_100M_public_uint64 in 806 ms (124.069 M values/s)
read 2000000 values from /scratch/gpfs/MENGDIW/shuzhen/COS568-LI-SP26/data/fb_100M_public_uint64_ops_2M_0.000000rq_0.500000nl_0.900000i_0m_mix in 52 ms (38.4615 M values/s)
read 98200000 values from /scratch/gpfs/MENGDIW/shuzhen/COS568-LI-SP26/data/fb_100M_public_uint64_ops_2M_0.000000rq_0.500000nl_0.900000i_0m_mix_bulkload in 1572 ms (62.4682 M values/s)
Data is unique.
Variable rsum was: 0
RESULT: HybridPGMLIPPSpecialized,9954431,7800849,5351416index size,12538272320Throughput: ,5.40434,5.48359,5.3732Variant: ,lookup-no-flush-sharded-specializedVariant: ,6
Executing dataset=fb_100M_public_uint64, insert-ratio=0.900000, index=HybridPGMLIPPLookupShardedSpecialized8
Repeating lookup code 3 time(s).
Using 1 thread(s).
read 100000000 values from /scratch/gpfs/MENGDIW/shuzhen/COS568-LI-SP26/data/fb_100M_public_uint64 in 864 ms (115.741 M values/s)
read 2000000 values from /scratch/gpfs/MENGDIW/shuzhen/COS568-LI-SP26/data/fb_100M_public_uint64_ops_2M_0.000000rq_0.500000nl_0.900000i_0m_mix in 54 ms (37.037 M values/s)
read 98200000 values from /scratch/gpfs/MENGDIW/shuzhen/COS568-LI-SP26/data/fb_100M_public_uint64_ops_2M_0.000000rq_0.500000nl_0.900000i_0m_mix_bulkload in 1603 ms (61.2601 M values/s)
Data is unique.
Variable rsum was: 0
RESULT: HybridPGMLIPPSpecialized,9967821,7825603,5291121index size,12538338368Throughput: ,5.51732,5.60723,5.78455Variant: ,lookup-no-flush-sharded-specializedVariant: ,8Variant: ,BinarySearchVariant: ,128
End: Sat Mar 28 15:44:18 EDT 2026
