Host: della-r3c4n2
Start: Sat Mar 28 01:48:49 EDT 2026
Run root: /scratch/gpfs/MENGDIW/shuzhen/COS568-LI-SP26-runs/milestone3_lookup_truehybrid_specialized/6156760
Dataset: osmc_100M_public_uint64
Executing dataset=osmc_100M_public_uint64, insert-ratio=0.100000, index=LIPP
Repeating lookup code 3 time(s).
Using 1 thread(s).
read 100000000 values from /scratch/gpfs/MENGDIW/shuzhen/COS568-LI-SP26/data/osmc_100M_public_uint64 in 540 ms (185.185 M values/s)
read 2000000 values from /scratch/gpfs/MENGDIW/shuzhen/COS568-LI-SP26/data/osmc_100M_public_uint64_ops_2M_0.000000rq_0.500000nl_0.100000i_0m_mix in 34 ms (58.8235 M values/s)
read 99800000 values from /scratch/gpfs/MENGDIW/shuzhen/COS568-LI-SP26/data/osmc_100M_public_uint64_ops_2M_0.000000rq_0.500000nl_0.100000i_0m_mix_bulkload in 999 ms (99.8999 M values/s)
Data is unique.
Variable rsum was: 0
RESULT: LIPP,14764327,9532743,7321616index size,20602887232Throughput: ,14.5696,13.3036,13.8941
Executing dataset=osmc_100M_public_uint64, insert-ratio=0.100000, index=HybridPGMLIPPDirectLippSpecialized
Repeating lookup code 3 time(s).
Using 1 thread(s).
read 100000000 values from /scratch/gpfs/MENGDIW/shuzhen/COS568-LI-SP26/data/osmc_100M_public_uint64 in 493 ms (202.84 M values/s)
read 2000000 values from /scratch/gpfs/MENGDIW/shuzhen/COS568-LI-SP26/data/osmc_100M_public_uint64_ops_2M_0.000000rq_0.500000nl_0.100000i_0m_mix in 32 ms (62.5 M values/s)
read 99800000 values from /scratch/gpfs/MENGDIW/shuzhen/COS568-LI-SP26/data/osmc_100M_public_uint64_ops_2M_0.000000rq_0.500000nl_0.100000i_0m_mix_bulkload in 967 ms (103.206 M values/s)
Data is unique.
Variable rsum was: 0
RESULT: HybridPGMLIPPDirectLippSpecialized,14875770,9483053,7287595index size,20602887232Throughput: ,13.6426,14.1491,13.0915Variant: ,direct-main-lipp-specialized
Executing dataset=osmc_100M_public_uint64, insert-ratio=0.100000, index=HybridPGMLIPPWriteThroughSpecialized
Repeating lookup code 3 time(s).
Using 1 thread(s).
read 100000000 values from /scratch/gpfs/MENGDIW/shuzhen/COS568-LI-SP26/data/osmc_100M_public_uint64 in 781 ms (128.041 M values/s)
read 2000000 values from /scratch/gpfs/MENGDIW/shuzhen/COS568-LI-SP26/data/osmc_100M_public_uint64_ops_2M_0.000000rq_0.500000nl_0.100000i_0m_mix in 43 ms (46.5116 M values/s)
read 99800000 values from /scratch/gpfs/MENGDIW/shuzhen/COS568-LI-SP26/data/osmc_100M_public_uint64_ops_2M_0.000000rq_0.500000nl_0.100000i_0m_mix_bulkload in 1268 ms (78.7066 M values/s)
Data is unique.
Variable rsum was: 0
RESULT: HybridPGMLIPPSpecialized,15178113,9637578,7188017index size,20606287712Throughput: ,11.7379,11.1768,11.5073Variant: ,lookup-write-through-specialized
Executing dataset=osmc_100M_public_uint64, insert-ratio=0.100000, index=HybridPGMLIPPLookupSpecialized0
Repeating lookup code 3 time(s).
Using 1 thread(s).
read 100000000 values from /scratch/gpfs/MENGDIW/shuzhen/COS568-LI-SP26/data/osmc_100M_public_uint64 in 698 ms (143.266 M values/s)
read 2000000 values from /scratch/gpfs/MENGDIW/shuzhen/COS568-LI-SP26/data/osmc_100M_public_uint64_ops_2M_0.000000rq_0.500000nl_0.100000i_0m_mix in 43 ms (46.5116 M values/s)
read 99800000 values from /scratch/gpfs/MENGDIW/shuzhen/COS568-LI-SP26/data/osmc_100M_public_uint64_ops_2M_0.000000rq_0.500000nl_0.100000i_0m_mix_bulkload in 1351 ms (73.8712 M values/s)
Data is unique.
Variable rsum was: 0
RESULT: HybridPGMLIPPSpecialized,15161347,9466088,9452931index size,20618179504Throughput: ,3.22757,3.26197,3.1411Variant: ,lookup-no-flush-specializedVariant: ,0
Executing dataset=osmc_100M_public_uint64, insert-ratio=0.100000, index=HybridPGMLIPPLookupSpecialized6
Repeating lookup code 3 time(s).
Using 1 thread(s).
read 100000000 values from /scratch/gpfs/MENGDIW/shuzhen/COS568-LI-SP26/data/osmc_100M_public_uint64 in 564 ms (177.305 M values/s)
read 2000000 values from /scratch/gpfs/MENGDIW/shuzhen/COS568-LI-SP26/data/osmc_100M_public_uint64_ops_2M_0.000000rq_0.500000nl_0.100000i_0m_mix in 37 ms (54.0541 M values/s)
read 99800000 values from /scratch/gpfs/MENGDIW/shuzhen/COS568-LI-SP26/data/osmc_100M_public_uint64_ops_2M_0.000000rq_0.500000nl_0.100000i_0m_mix_bulkload in 1158 ms (86.1831 M values/s)
Data is unique.
Variable rsum was: 0
RESULT: HybridPGMLIPPSpecialized,15115808,9565402,9425813index size,20627471136Throughput: ,3.58516,3.31358,3.4814Variant: ,lookup-no-flush-specializedVariant: ,6
End: Sat Mar 28 01:55:47 EDT 2026
