Host: della-i13n8
Start: Fri Mar 27 21:37:32 EDT 2026
Run root: /scratch/gpfs/MENGDIW/shuzhen/COS568-LI-SP26-runs/milestone3/6151589
Dataset: osmc_100M_public_uint64
Insert ratio: 0.900000
Executing dataset=osmc_100M_public_uint64, insert-ratio=0.900000, index=LIPP
Repeating lookup code 3 time(s).
Using 1 thread(s).
read 100000000 values from /scratch/gpfs/MENGDIW/shuzhen/COS568-LI-SP26/data/osmc_100M_public_uint64 in 419 ms (238.663 M values/s)
read 2000000 values from /scratch/gpfs/MENGDIW/shuzhen/COS568-LI-SP26/data/osmc_100M_public_uint64_ops_2M_0.000000rq_0.500000nl_0.900000i_0m_mix in 34 ms (58.8235 M values/s)
read 98200000 values from /scratch/gpfs/MENGDIW/shuzhen/COS568-LI-SP26/data/osmc_100M_public_uint64_ops_2M_0.000000rq_0.500000nl_0.900000i_0m_mix_bulkload in 840 ms (116.905 M values/s)
Data is unique.
Variable rsum was: 0
RESULT: LIPP,14251730,9000997,6831296index size,20408967088Throughput: ,1.93486,1.6874,1.6963
Executing dataset=osmc_100M_public_uint64, insert-ratio=0.900000, index=DynamicPGM
Repeating lookup code 3 time(s).
Using 1 thread(s).
read 100000000 values from /scratch/gpfs/MENGDIW/shuzhen/COS568-LI-SP26/data/osmc_100M_public_uint64 in 400 ms (250 M values/s)
read 2000000 values from /scratch/gpfs/MENGDIW/shuzhen/COS568-LI-SP26/data/osmc_100M_public_uint64_ops_2M_0.000000rq_0.500000nl_0.900000i_0m_mix in 30 ms (66.6667 M values/s)
read 98200000 values from /scratch/gpfs/MENGDIW/shuzhen/COS568-LI-SP26/data/osmc_100M_public_uint64_ops_2M_0.000000rq_0.500000nl_0.900000i_0m_mix_bulkload in 891 ms (110.213 M values/s)
Data is unique.
Variable rsum was: 0
RESULT: DynamicPGM,4114610,4084219,4094406index size,1700923408Throughput: ,2.79427,2.85148,2.84955Variant: ,BinarySearchVariant: ,256
Variable rsum was: 0
RESULT: DynamicPGM,4279270,4288913,4289308index size,1703724028Throughput: ,2.90512,2.94364,2.93772Variant: ,BinarySearchVariant: ,64
Variable rsum was: 0
RESULT: DynamicPGM,4174755,4174051,4168903index size,1701839508Throughput: ,2.97428,2.98845,2.97338Variant: ,BinarySearchVariant: ,128
Executing dataset=osmc_100M_public_uint64, insert-ratio=0.900000, index=HybridPGMLIPP
Repeating lookup code 3 time(s).
Using 1 thread(s).
read 100000000 values from /scratch/gpfs/MENGDIW/shuzhen/COS568-LI-SP26/data/osmc_100M_public_uint64 in 428 ms (233.645 M values/s)
read 2000000 values from /scratch/gpfs/MENGDIW/shuzhen/COS568-LI-SP26/data/osmc_100M_public_uint64_ops_2M_0.000000rq_0.500000nl_0.900000i_0m_mix in 29 ms (68.9655 M values/s)
read 98200000 values from /scratch/gpfs/MENGDIW/shuzhen/COS568-LI-SP26/data/osmc_100M_public_uint64_ops_2M_0.000000rq_0.500000nl_0.900000i_0m_mix_bulkload in 829 ms (118.456 M values/s)
Data is unique.
Variable rsum was: 0
RESULT: HybridPGMLIPP,14298023,9033951,6826283index size,20402463432Throughput: ,1.694,1.7401,1.75633Variant: ,naive-flushVariant: ,131072
Executing dataset=osmc_100M_public_uint64, insert-ratio=0.900000, index=HybridPGMLIPPIncremental
Repeating lookup code 3 time(s).
Using 1 thread(s).
read 100000000 values from /scratch/gpfs/MENGDIW/shuzhen/COS568-LI-SP26/data/osmc_100M_public_uint64 in 427 ms (234.192 M values/s)
read 2000000 values from /scratch/gpfs/MENGDIW/shuzhen/COS568-LI-SP26/data/osmc_100M_public_uint64_ops_2M_0.000000rq_0.500000nl_0.900000i_0m_mix in 38 ms (52.6316 M values/s)
read 98200000 values from /scratch/gpfs/MENGDIW/shuzhen/COS568-LI-SP26/data/osmc_100M_public_uint64_ops_2M_0.000000rq_0.500000nl_0.900000i_0m_mix_bulkload in 852 ms (115.258 M values/s)
Data is unique.
Variable rsum was: 0
RESULT: HybridPGMLIPPIncremental,14229011,8981847,6856156index size,20393478392Throughput: ,1.61891,1.63107,1.66746Variant: ,double-buffered-no-cacheVariant: ,262144:512:0:0:0
Variable rsum was: 0
RESULT: HybridPGMLIPPIncremental,6767556,6760836,6812194index size,20393478392Throughput: ,1.67066,1.67115,1.67571Variant: ,double-buffered-no-cacheVariant: ,262144:2048:0:0:0
Variable rsum was: 0
RESULT: HybridPGMLIPPIncremental,6745891,6747296,6746134index size,20393498552Throughput: ,1.65894,1.67138,1.66943Variant: ,double-buffered-no-cacheVariant: ,524288:1024:0:0:0
Variable rsum was: 0
RESULT: HybridPGMLIPPIncremental,6739517,6785314,6823513index size,20393498552Throughput: ,1.67433,1.68396,1.67046Variant: ,double-buffered-no-cacheVariant: ,524288:2048:0:0:0
Variable rsum was: 0
RESULT: HybridPGMLIPPIncremental,6806391,6806451,6810549index size,20393498552Throughput: ,1.67194,1.66157,1.65677Variant: ,double-buffered-no-cacheVariant: ,524288:4096:0:0:0
End: Fri Mar 27 21:46:58 EDT 2026
