Host: della-i13n24
Start: Sat Mar 28 01:16:27 EDT 2026
Run root: /scratch/gpfs/MENGDIW/shuzhen/COS568-LI-SP26-runs/milestone3_lookup/6156137
Dataset: books_100M_public_uint64
Insert ratio: 0.100000
Executing dataset=books_100M_public_uint64, insert-ratio=0.100000, index=LIPP
Repeating lookup code 3 time(s).
Using 1 thread(s).
read 100000000 values from /scratch/gpfs/MENGDIW/shuzhen/COS568-LI-SP26/data/books_100M_public_uint64 in 598 ms (167.224 M values/s)
read 2000000 values from /scratch/gpfs/MENGDIW/shuzhen/COS568-LI-SP26/data/books_100M_public_uint64_ops_2M_0.000000rq_0.500000nl_0.100000i_0m_mix in 42 ms (47.619 M values/s)
read 99800000 values from /scratch/gpfs/MENGDIW/shuzhen/COS568-LI-SP26/data/books_100M_public_uint64_ops_2M_0.000000rq_0.500000nl_0.100000i_0m_mix_bulkload in 1213 ms (82.2754 M values/s)
Data is unique.
Variable rsum was: 0
RESULT: LIPP,14307947,11551570,7745064index size,11818525760Throughput: ,15.8013,12.8694,13.9404
Executing dataset=books_100M_public_uint64, insert-ratio=0.100000, index=DynamicPGM
Repeating lookup code 3 time(s).
Using 1 thread(s).
read 100000000 values from /scratch/gpfs/MENGDIW/shuzhen/COS568-LI-SP26/data/books_100M_public_uint64 in 623 ms (160.514 M values/s)
read 2000000 values from /scratch/gpfs/MENGDIW/shuzhen/COS568-LI-SP26/data/books_100M_public_uint64_ops_2M_0.000000rq_0.500000nl_0.100000i_0m_mix in 45 ms (44.4444 M values/s)
read 99800000 values from /scratch/gpfs/MENGDIW/shuzhen/COS568-LI-SP26/data/books_100M_public_uint64_ops_2M_0.000000rq_0.500000nl_0.100000i_0m_mix_bulkload in 1270 ms (78.5827 M values/s)
Data is unique.
Variable rsum was: 0
RESULT: DynamicPGM,4985543,4774923,4984586index size,1703429848Throughput: ,0.671323,0.640059,0.632914Variant: ,LinearSearchVariant: ,32
Variable rsum was: 0
RESULT: DynamicPGM,3938909,3833821,3863518index size,1700049908Throughput: ,0.612344,0.644249,0.624953Variant: ,InterpolationSearchVariant: ,128
Variable rsum was: 0
RESULT: DynamicPGM,3736931,3855949,3775861index size,1700010848Throughput: ,0.618056,0.597978,0.671499Variant: ,InterpolationSearchVariant: ,256
Executing dataset=books_100M_public_uint64, insert-ratio=0.100000, index=HybridPGMLIPP
Repeating lookup code 3 time(s).
Using 1 thread(s).
read 100000000 values from /scratch/gpfs/MENGDIW/shuzhen/COS568-LI-SP26/data/books_100M_public_uint64 in 517 ms (193.424 M values/s)
read 2000000 values from /scratch/gpfs/MENGDIW/shuzhen/COS568-LI-SP26/data/books_100M_public_uint64_ops_2M_0.000000rq_0.500000nl_0.100000i_0m_mix in 35 ms (57.1429 M values/s)
read 99800000 values from /scratch/gpfs/MENGDIW/shuzhen/COS568-LI-SP26/data/books_100M_public_uint64_ops_2M_0.000000rq_0.500000nl_0.100000i_0m_mix_bulkload in 1108 ms (90.0722 M values/s)
Data is unique.
Variable rsum was: 0
RESULT: HybridPGMLIPP,15215621,10896015,7701370index size,11815940792Throughput: ,0.925866,0.872099,0.880351Variant: ,naive-flushVariant: ,131072
Executing dataset=books_100M_public_uint64, insert-ratio=0.100000, index=HybridPGMLIPPIncremental
Repeating lookup code 3 time(s).
Using 1 thread(s).
read 100000000 values from /scratch/gpfs/MENGDIW/shuzhen/COS568-LI-SP26/data/books_100M_public_uint64 in 575 ms (173.913 M values/s)
read 2000000 values from /scratch/gpfs/MENGDIW/shuzhen/COS568-LI-SP26/data/books_100M_public_uint64_ops_2M_0.000000rq_0.500000nl_0.100000i_0m_mix in 46 ms (43.4783 M values/s)
read 99800000 values from /scratch/gpfs/MENGDIW/shuzhen/COS568-LI-SP26/data/books_100M_public_uint64_ops_2M_0.000000rq_0.500000nl_0.100000i_0m_mix_bulkload in 1175 ms (84.9362 M values/s)
Data is unique.
Variable rsum was: 0
RESULT: HybridPGMLIPPIncremental,14738705,11515538,8923253index size,11818660856Throughput: ,2.50467,2.04778,2.95162Variant: ,double-buffered-compliant-lipp-firstVariant: ,32768:64:64:1:1:0:0:0
Variable rsum was: 0
RESULT: HybridPGMLIPPIncremental,10872794,7755709,8696459index size,11818660856Throughput: ,2.83249,2.86591,2.11904Variant: ,double-buffered-compliant-lipp-firstVariant: ,32768:128:128:1:1:0:0:0
Variable rsum was: 0
RESULT: HybridPGMLIPPIncremental,7776562,8130949,5652513index size,11818660856Throughput: ,2.65551,2.79064,2.70364Variant: ,double-buffered-compliant-lipp-firstVariant: ,65536:128:64:1:1:0:0:0
Variable rsum was: 0
RESULT: HybridPGMLIPPIncremental,7765673,8529063,6860349index size,11826618536Throughput: ,3.25518,3.35648,3.18759Variant: ,double-buffered-compliant-lipp-firstVariant: ,262144:1:0:1:1:0:0:0
Variable rsum was: 0
RESULT: HybridPGMLIPPIncremental,7747820,10851311,8239945index size,11828735576Throughput: ,3.28075,2.45575,3.04747Variant: ,double-buffered-compliant-lipp-firstVariant: ,262144:1:0:1:1:6:0:0
Variable rsum was: 0
RESULT: HybridPGMLIPPIncremental,11916616,7396864,7721091index size,11811064056Throughput: ,1.19405,1.25154,1.26999Variant: ,double-buffered-compliant-lipp-firstVariant: ,262144:1:0:1:0:0:0:0
Variable rsum was: 0
RESULT: HybridPGMLIPPIncremental,7601390,7496307,7852019index size,11818525760Throughput: ,3.1053,3.08876,2.82961Variant: ,direct-main-lippVariant: ,131072:256:0:0:0:0:0:1
End: Sat Mar 28 01:28:07 EDT 2026
