Host: della-r3c4n8
Start: Sat Mar 28 01:46:52 EDT 2026
Run root: /scratch/gpfs/MENGDIW/shuzhen/COS568-LI-SP26-runs/milestone3_lookup_truehybrid_specialized/6156687
Dataset: books_100M_public_uint64
Executing dataset=books_100M_public_uint64, insert-ratio=0.100000, index=LIPP
Repeating lookup code 3 time(s).
Using 1 thread(s).
read 100000000 values from /scratch/gpfs/MENGDIW/shuzhen/COS568-LI-SP26/data/books_100M_public_uint64 in 754 ms (132.626 M values/s)
read 2000000 values from /scratch/gpfs/MENGDIW/shuzhen/COS568-LI-SP26/data/books_100M_public_uint64_ops_2M_0.000000rq_0.500000nl_0.100000i_0m_mix in 51 ms (39.2157 M values/s)
read 99800000 values from /scratch/gpfs/MENGDIW/shuzhen/COS568-LI-SP26/data/books_100M_public_uint64_ops_2M_0.000000rq_0.500000nl_0.100000i_0m_mix_bulkload in 1473 ms (67.7529 M values/s)
Data is unique.
Variable rsum was: 0
RESULT: LIPP,10786461,8473882,5819827index size,11818525760Throughput: ,20.8078,19.6184,19.6507
Executing dataset=books_100M_public_uint64, insert-ratio=0.100000, index=HybridPGMLIPPDirectLippSpecialized
Repeating lookup code 3 time(s).
Using 1 thread(s).
read 100000000 values from /scratch/gpfs/MENGDIW/shuzhen/COS568-LI-SP26/data/books_100M_public_uint64 in 721 ms (138.696 M values/s)
read 2000000 values from /scratch/gpfs/MENGDIW/shuzhen/COS568-LI-SP26/data/books_100M_public_uint64_ops_2M_0.000000rq_0.500000nl_0.100000i_0m_mix in 54 ms (37.037 M values/s)
read 99800000 values from /scratch/gpfs/MENGDIW/shuzhen/COS568-LI-SP26/data/books_100M_public_uint64_ops_2M_0.000000rq_0.500000nl_0.100000i_0m_mix_bulkload in 1490 ms (66.9799 M values/s)
Data is unique.
Variable rsum was: 0
RESULT: HybridPGMLIPPDirectLippSpecialized,10892787,8462641,5825972index size,11818525760Throughput: ,21.0843,19.3864,19.7525Variant: ,direct-main-lipp-specialized
Executing dataset=books_100M_public_uint64, insert-ratio=0.100000, index=HybridPGMLIPPLookupSpecialized0
Repeating lookup code 3 time(s).
Using 1 thread(s).
read 100000000 values from /scratch/gpfs/MENGDIW/shuzhen/COS568-LI-SP26/data/books_100M_public_uint64 in 635 ms (157.48 M values/s)
read 2000000 values from /scratch/gpfs/MENGDIW/shuzhen/COS568-LI-SP26/data/books_100M_public_uint64_ops_2M_0.000000rq_0.500000nl_0.100000i_0m_mix in 49 ms (40.8163 M values/s)
read 99800000 values from /scratch/gpfs/MENGDIW/shuzhen/COS568-LI-SP26/data/books_100M_public_uint64_ops_2M_0.000000rq_0.500000nl_0.100000i_0m_mix_bulkload in 1314 ms (75.9513 M values/s)
Data is unique.
Variable rsum was: 0
RESULT: HybridPGMLIPPSpecialized,10960608,8378649,8363867index size,11826618320Throughput: ,4.4633,4.12114,4.11298Variant: ,lookup-no-flush-specializedVariant: ,0
Executing dataset=books_100M_public_uint64, insert-ratio=0.100000, index=HybridPGMLIPPLookupSpecialized6
Repeating lookup code 3 time(s).
Using 1 thread(s).
read 100000000 values from /scratch/gpfs/MENGDIW/shuzhen/COS568-LI-SP26/data/books_100M_public_uint64 in 627 ms (159.49 M values/s)
read 2000000 values from /scratch/gpfs/MENGDIW/shuzhen/COS568-LI-SP26/data/books_100M_public_uint64_ops_2M_0.000000rq_0.500000nl_0.100000i_0m_mix in 47 ms (42.5532 M values/s)
read 99800000 values from /scratch/gpfs/MENGDIW/shuzhen/COS568-LI-SP26/data/books_100M_public_uint64_ops_2M_0.000000rq_0.500000nl_0.100000i_0m_mix_bulkload in 1427 ms (69.9369 M values/s)
Data is unique.
Variable rsum was: 0
RESULT: HybridPGMLIPPSpecialized,10978366,8340940,5900266index size,11828735360Throughput: ,4.44845,4.14384,3.98499Variant: ,lookup-no-flush-specializedVariant: ,6
