Host: della-r3c4n7
Start: Sat Mar 28 01:46:53 EDT 2026
Run root: /scratch/gpfs/MENGDIW/shuzhen/COS568-LI-SP26-runs/milestone3_lookup_truehybrid_specialized/6156687
Dataset: osmc_100M_public_uint64
Executing dataset=osmc_100M_public_uint64, insert-ratio=0.100000, index=LIPP
Repeating lookup code 3 time(s).
Using 1 thread(s).
read 100000000 values from /scratch/gpfs/MENGDIW/shuzhen/COS568-LI-SP26/data/osmc_100M_public_uint64 in 755 ms (132.45 M values/s)
read 2000000 values from /scratch/gpfs/MENGDIW/shuzhen/COS568-LI-SP26/data/osmc_100M_public_uint64_ops_2M_0.000000rq_0.500000nl_0.100000i_0m_mix in 49 ms (40.8163 M values/s)
read 99800000 values from /scratch/gpfs/MENGDIW/shuzhen/COS568-LI-SP26/data/osmc_100M_public_uint64_ops_2M_0.000000rq_0.500000nl_0.100000i_0m_mix_bulkload in 1429 ms (69.839 M values/s)
Data is unique.
Variable rsum was: 0
RESULT: LIPP,16000494,10136566,7615345index size,20602887232Throughput: ,13.8193,13.7204,13.1202
Executing dataset=osmc_100M_public_uint64, insert-ratio=0.100000, index=HybridPGMLIPPDirectLippSpecialized
Repeating lookup code 3 time(s).
Using 1 thread(s).
read 100000000 values from /scratch/gpfs/MENGDIW/shuzhen/COS568-LI-SP26/data/osmc_100M_public_uint64 in 697 ms (143.472 M values/s)
read 2000000 values from /scratch/gpfs/MENGDIW/shuzhen/COS568-LI-SP26/data/osmc_100M_public_uint64_ops_2M_0.000000rq_0.500000nl_0.100000i_0m_mix in 43 ms (46.5116 M values/s)
read 99800000 values from /scratch/gpfs/MENGDIW/shuzhen/COS568-LI-SP26/data/osmc_100M_public_uint64_ops_2M_0.000000rq_0.500000nl_0.100000i_0m_mix_bulkload in 1391 ms (71.7469 M values/s)
Data is unique.
Variable rsum was: 0
RESULT: HybridPGMLIPPDirectLippSpecialized,16093822,10261797,7644678index size,20602887232Throughput: ,13.6707,13.1829,13.6704Variant: ,direct-main-lipp-specialized
Executing dataset=osmc_100M_public_uint64, insert-ratio=0.100000, index=HybridPGMLIPPLookupSpecialized0
Repeating lookup code 3 time(s).
Using 1 thread(s).
read 100000000 values from /scratch/gpfs/MENGDIW/shuzhen/COS568-LI-SP26/data/osmc_100M_public_uint64 in 714 ms (140.056 M values/s)
read 2000000 values from /scratch/gpfs/MENGDIW/shuzhen/COS568-LI-SP26/data/osmc_100M_public_uint64_ops_2M_0.000000rq_0.500000nl_0.100000i_0m_mix in 45 ms (44.4444 M values/s)
read 99800000 values from /scratch/gpfs/MENGDIW/shuzhen/COS568-LI-SP26/data/osmc_100M_public_uint64_ops_2M_0.000000rq_0.500000nl_0.100000i_0m_mix_bulkload in 1486 ms (67.1602 M values/s)
Data is unique.
Variable rsum was: 0
RESULT: HybridPGMLIPPSpecialized,16343146,10215714,10154578index size,20618179504Throughput: ,3.44943,3.27177,3.1449Variant: ,lookup-no-flush-specializedVariant: ,0
Executing dataset=osmc_100M_public_uint64, insert-ratio=0.100000, index=HybridPGMLIPPLookupSpecialized6
Repeating lookup code 3 time(s).
Using 1 thread(s).
read 100000000 values from /scratch/gpfs/MENGDIW/shuzhen/COS568-LI-SP26/data/osmc_100M_public_uint64 in 743 ms (134.59 M values/s)
read 2000000 values from /scratch/gpfs/MENGDIW/shuzhen/COS568-LI-SP26/data/osmc_100M_public_uint64_ops_2M_0.000000rq_0.500000nl_0.100000i_0m_mix in 39 ms (51.2821 M values/s)
read 99800000 values from /scratch/gpfs/MENGDIW/shuzhen/COS568-LI-SP26/data/osmc_100M_public_uint64_ops_2M_0.000000rq_0.500000nl_0.100000i_0m_mix_bulkload in 1393 ms (71.6439 M values/s)
Data is unique.
Variable rsum was: 0
RESULT: HybridPGMLIPPSpecialized,16226426,10166777,10095237index size,20627471136Throughput: ,3.30236,3.3001,3.16667Variant: ,lookup-no-flush-specializedVariant: ,6
