Host: della-i13n16
Start: Fri Mar 27 21:23:05 EDT 2026
Run root: /scratch/gpfs/MENGDIW/shuzhen/COS568-LI-SP26-runs/milestone3/6151134
Dataset: fb_100M_public_uint64
Insert ratio: 0.900000
Executing dataset=fb_100M_public_uint64, insert-ratio=0.900000, index=LIPP
Repeating lookup code 3 time(s).
Using 1 thread(s).
read 100000000 values from /scratch/gpfs/MENGDIW/shuzhen/COS568-LI-SP26/data/fb_100M_public_uint64 in 714 ms (140.056 M values/s)
read 2000000 values from /scratch/gpfs/MENGDIW/shuzhen/COS568-LI-SP26/data/fb_100M_public_uint64_ops_2M_0.000000rq_0.500000nl_0.900000i_0m_mix in 48 ms (41.6667 M values/s)
read 98200000 values from /scratch/gpfs/MENGDIW/shuzhen/COS568-LI-SP26/data/fb_100M_public_uint64_ops_2M_0.000000rq_0.500000nl_0.900000i_0m_mix_bulkload in 1562 ms (62.8681 M values/s)
Data is unique.
Variable rsum was: 0
RESULT: LIPP,10098056,7523954,5154377index size,12656662928Throughput: ,2.33155,1.97414,2.00995
Executing dataset=fb_100M_public_uint64, insert-ratio=0.900000, index=DynamicPGM
Repeating lookup code 3 time(s).
Using 1 thread(s).
read 100000000 values from /scratch/gpfs/MENGDIW/shuzhen/COS568-LI-SP26/data/fb_100M_public_uint64 in 678 ms (147.493 M values/s)
read 2000000 values from /scratch/gpfs/MENGDIW/shuzhen/COS568-LI-SP26/data/fb_100M_public_uint64_ops_2M_0.000000rq_0.500000nl_0.900000i_0m_mix in 43 ms (46.5116 M values/s)
read 98200000 values from /scratch/gpfs/MENGDIW/shuzhen/COS568-LI-SP26/data/fb_100M_public_uint64_ops_2M_0.000000rq_0.500000nl_0.900000i_0m_mix_bulkload in 1377 ms (71.3145 M values/s)
Data is unique.
Variable rsum was: 0
RESULT: DynamicPGM,4119871,4095848,4094623index size,1700494188Throughput: ,2.73124,2.83084,2.8099Variant: ,BinarySearchVariant: ,512
Variable rsum was: 0
RESULT: DynamicPGM,4708935,4692778,4692233index size,1705154448Throughput: ,2.86165,2.91685,2.88743Variant: ,BinarySearchVariant: ,64
Variable rsum was: 0
RESULT: DynamicPGM,4512000,4512894,4507538index size,1702518268Throughput: ,2.94954,2.91685,2.9419Variant: ,BinarySearchVariant: ,128
Executing dataset=fb_100M_public_uint64, insert-ratio=0.900000, index=HybridPGMLIPP
Repeating lookup code 3 time(s).
Using 1 thread(s).
read 100000000 values from /scratch/gpfs/MENGDIW/shuzhen/COS568-LI-SP26/data/fb_100M_public_uint64 in 678 ms (147.493 M values/s)
read 2000000 values from /scratch/gpfs/MENGDIW/shuzhen/COS568-LI-SP26/data/fb_100M_public_uint64_ops_2M_0.000000rq_0.500000nl_0.900000i_0m_mix in 40 ms (50 M values/s)
read 98200000 values from /scratch/gpfs/MENGDIW/shuzhen/COS568-LI-SP26/data/fb_100M_public_uint64_ops_2M_0.000000rq_0.500000nl_0.900000i_0m_mix_bulkload in 1450 ms (67.7241 M values/s)
Data is unique.
Variable rsum was: 0
RESULT: HybridPGMLIPP,10030624,7546520,5211688index size,12650407672Throughput: ,1.87764,1.88326,1.87448Variant: ,naive-flushVariant: ,131072
Executing dataset=fb_100M_public_uint64, insert-ratio=0.900000, index=HybridPGMLIPPIncremental
Repeating lookup code 3 time(s).
Using 1 thread(s).
read 100000000 values from /scratch/gpfs/MENGDIW/shuzhen/COS568-LI-SP26/data/fb_100M_public_uint64 in 849 ms (117.786 M values/s)
read 2000000 values from /scratch/gpfs/MENGDIW/shuzhen/COS568-LI-SP26/data/fb_100M_public_uint64_ops_2M_0.000000rq_0.500000nl_0.900000i_0m_mix in 55 ms (36.3636 M values/s)
read 98200000 values from /scratch/gpfs/MENGDIW/shuzhen/COS568-LI-SP26/data/fb_100M_public_uint64_ops_2M_0.000000rq_0.500000nl_0.900000i_0m_mix_bulkload in 1335 ms (73.5581 M values/s)
Data is unique.
Variable rsum was: 0
RESULT: HybridPGMLIPPIncremental,10180605,7580086,5161749index size,12641882232Throughput: ,1.69211,1.73996,1.77286Variant: ,double-buffered-no-cacheVariant: ,262144:512:0:0:0
Variable rsum was: 0
RESULT: HybridPGMLIPPIncremental,5138643,5169345,4949036index size,12641882232Throughput: ,1.75176,1.83882,1.84336Variant: ,double-buffered-no-cacheVariant: ,262144:2048:0:0:0
Variable rsum was: 0
RESULT: HybridPGMLIPPIncremental,5032088,5044456,5045035index size,12641906232Throughput: ,1.86962,1.79554,1.78262Variant: ,double-buffered-no-cacheVariant: ,524288:1024:0:0:0
Variable rsum was: 0
RESULT: HybridPGMLIPPIncremental,5054603,5024122,5044237index size,12641906232Throughput: ,1.79874,1.84085,1.70017Variant: ,double-buffered-no-cacheVariant: ,524288:2048:0:0:0
Variable rsum was: 0
RESULT: HybridPGMLIPPIncremental,5130497,5188299,5170777index size,12641906232Throughput: ,1.73881,1.73764,1.73885Variant: ,double-buffered-no-cacheVariant: ,524288:4096:0:0:0
End: Fri Mar 27 21:29:24 EDT 2026
