Host: della-r3c4n2
Start: Sat Mar 28 01:33:37 EDT 2026
Run root: /scratch/gpfs/MENGDIW/shuzhen/COS568-LI-SP26-runs/milestone3_lookup_headtohead/6156448
Dataset: osmc_100M_public_uint64
Executing dataset=osmc_100M_public_uint64, insert-ratio=0.100000, index=LIPP
Repeating lookup code 3 time(s).
Using 1 thread(s).
read 100000000 values from /scratch/gpfs/MENGDIW/shuzhen/COS568-LI-SP26/data/osmc_100M_public_uint64 in 649 ms (154.083 M values/s)
read 2000000 values from /scratch/gpfs/MENGDIW/shuzhen/COS568-LI-SP26/data/osmc_100M_public_uint64_ops_2M_0.000000rq_0.500000nl_0.100000i_0m_mix in 57 ms (35.0877 M values/s)
read 99800000 values from /scratch/gpfs/MENGDIW/shuzhen/COS568-LI-SP26/data/osmc_100M_public_uint64_ops_2M_0.000000rq_0.500000nl_0.100000i_0m_mix_bulkload in 1353 ms (73.762 M values/s)
Data is unique.
Variable rsum was: 0
RESULT: LIPP,15523103,10413303,7838010index size,20602887232Throughput: ,13.3982,11.8637,12.9767
Executing dataset=osmc_100M_public_uint64, insert-ratio=0.100000, index=HybridPGMLIPPIncremental, params=131072,256,0,0,0,0,0,1
Repeating lookup code 3 time(s).
Using 1 thread(s).
read 100000000 values from /scratch/gpfs/MENGDIW/shuzhen/COS568-LI-SP26/data/osmc_100M_public_uint64 in 533 ms (187.617 M values/s)
read 2000000 values from /scratch/gpfs/MENGDIW/shuzhen/COS568-LI-SP26/data/osmc_100M_public_uint64_ops_2M_0.000000rq_0.500000nl_0.100000i_0m_mix in 31 ms (64.5161 M values/s)
read 99800000 values from /scratch/gpfs/MENGDIW/shuzhen/COS568-LI-SP26/data/osmc_100M_public_uint64_ops_2M_0.000000rq_0.500000nl_0.100000i_0m_mix_bulkload in 1077 ms (92.6648 M values/s)
Data is unique.
Variable rsum was: 0
RESULT: HybridPGMLIPPIncremental,15734810,11311700,7836746index size,20602887232Throughput: ,3.33454,2.88456,2.89069Variant: ,direct-main-lippVariant: ,131072:256:0:0:0:0:0:1
Executing dataset=osmc_100M_public_uint64, insert-ratio=0.100000, index=HybridPGMLIPPIncremental, params=262144,1,0,1,1,6,0,0
Repeating lookup code 3 time(s).
Using 1 thread(s).
read 100000000 values from /scratch/gpfs/MENGDIW/shuzhen/COS568-LI-SP26/data/osmc_100M_public_uint64 in 590 ms (169.492 M values/s)
read 2000000 values from /scratch/gpfs/MENGDIW/shuzhen/COS568-LI-SP26/data/osmc_100M_public_uint64_ops_2M_0.000000rq_0.500000nl_0.100000i_0m_mix in 38 ms (52.6316 M values/s)
read 99800000 values from /scratch/gpfs/MENGDIW/shuzhen/COS568-LI-SP26/data/osmc_100M_public_uint64_ops_2M_0.000000rq_0.500000nl_0.100000i_0m_mix_bulkload in 1231 ms (81.0723 M values/s)
Data is unique.
Variable rsum was: 0
RESULT: HybridPGMLIPPIncremental,15822643,10911840,10339751index size,20627471352Throughput: ,2.64267,2.51464,2.59959Variant: ,double-buffered-compliant-lipp-firstVariant: ,262144:1:0:1:1:6:0:0
Executing dataset=osmc_100M_public_uint64, insert-ratio=0.100000, index=HybridPGMLIPPIncremental, params=262144,1,0,1,1,0,0,0
Repeating lookup code 3 time(s).
Using 1 thread(s).
read 100000000 values from /scratch/gpfs/MENGDIW/shuzhen/COS568-LI-SP26/data/osmc_100M_public_uint64 in 565 ms (176.991 M values/s)
read 2000000 values from /scratch/gpfs/MENGDIW/shuzhen/COS568-LI-SP26/data/osmc_100M_public_uint64_ops_2M_0.000000rq_0.500000nl_0.100000i_0m_mix in 38 ms (52.6316 M values/s)
read 99800000 values from /scratch/gpfs/MENGDIW/shuzhen/COS568-LI-SP26/data/osmc_100M_public_uint64_ops_2M_0.000000rq_0.500000nl_0.100000i_0m_mix_bulkload in 1130 ms (88.3186 M values/s)
Data is unique.
Variable rsum was: 0
RESULT: HybridPGMLIPPIncremental,15655700,10374027,10291908index size,20618179720Throughput: ,2.65756,2.46899,2.55622Variant: ,double-buffered-compliant-lipp-firstVariant: ,262144:1:0:1:1:0:0:0
End: Sat Mar 28 01:39:47 EDT 2026
