Host: della-h17n11
Start: Fri Mar 27 23:51:47 EDT 2026
Run root: /scratch/gpfs/MENGDIW/shuzhen/COS568-LI-SP26-runs/milestone3/6154412
Dataset: fb_100M_public_uint64
Insert ratio: 0.100000
Executing dataset=fb_100M_public_uint64, insert-ratio=0.100000, index=LIPP
Repeating lookup code 3 time(s).
Using 1 thread(s).
read 100000000 values from /scratch/gpfs/MENGDIW/shuzhen/COS568-LI-SP26/data/fb_100M_public_uint64 in 396 ms (252.525 M values/s)
read 2000000 values from /scratch/gpfs/MENGDIW/shuzhen/COS568-LI-SP26/data/fb_100M_public_uint64_ops_2M_0.000000rq_0.500000nl_0.100000i_0m_mix in 44 ms (45.4545 M values/s)
read 99800000 values from /scratch/gpfs/MENGDIW/shuzhen/COS568-LI-SP26/data/fb_100M_public_uint64_ops_2M_0.000000rq_0.500000nl_0.100000i_0m_mix_bulkload in 733 ms (136.153 M values/s)
Data is unique.
Variable rsum was: 0
RESULT: LIPP,8277271,6369215,4434574index size,12700946864Throughput: ,16.4983,15.2447,15.1515
Executing dataset=fb_100M_public_uint64, insert-ratio=0.100000, index=DynamicPGM
Repeating lookup code 3 time(s).
Using 1 thread(s).
read 100000000 values from /scratch/gpfs/MENGDIW/shuzhen/COS568-LI-SP26/data/fb_100M_public_uint64 in 403 ms (248.139 M values/s)
read 2000000 values from /scratch/gpfs/MENGDIW/shuzhen/COS568-LI-SP26/data/fb_100M_public_uint64_ops_2M_0.000000rq_0.500000nl_0.100000i_0m_mix in 40 ms (50 M values/s)
read 99800000 values from /scratch/gpfs/MENGDIW/shuzhen/COS568-LI-SP26/data/fb_100M_public_uint64_ops_2M_0.000000rq_0.500000nl_0.100000i_0m_mix_bulkload in 808 ms (123.515 M values/s)
Data is unique.
Variable rsum was: 0
RESULT: DynamicPGM,3199356,3058746,3157511index size,1700504528Throughput: ,0.856829,0.834446,0.853812Variant: ,BinarySearchVariant: ,512
Variable rsum was: 0
RESULT: DynamicPGM,3508682,3535938,3641293index size,1705226028Throughput: ,0.988798,1.00532,0.887251Variant: ,BinarySearchVariant: ,64
Variable rsum was: 0
RESULT: DynamicPGM,3506734,3403784,3403743index size,1702558388Throughput: ,0.9228,0.924423,0.900875Variant: ,BinarySearchVariant: ,128
Executing dataset=fb_100M_public_uint64, insert-ratio=0.100000, index=HybridPGMLIPP
Repeating lookup code 3 time(s).
Using 1 thread(s).
read 100000000 values from /scratch/gpfs/MENGDIW/shuzhen/COS568-LI-SP26/data/fb_100M_public_uint64 in 380 ms (263.158 M values/s)
read 2000000 values from /scratch/gpfs/MENGDIW/shuzhen/COS568-LI-SP26/data/fb_100M_public_uint64_ops_2M_0.000000rq_0.500000nl_0.100000i_0m_mix in 28 ms (71.4286 M values/s)
read 99800000 values from /scratch/gpfs/MENGDIW/shuzhen/COS568-LI-SP26/data/fb_100M_public_uint64_ops_2M_0.000000rq_0.500000nl_0.100000i_0m_mix_bulkload in 781 ms (127.785 M values/s)
Data is unique.
Variable rsum was: 0
RESULT: HybridPGMLIPP,8376155,6568604,4727837index size,12696383576Throughput: ,1.28177,1.13854,1.14215Variant: ,naive-flushVariant: ,131072
Executing dataset=fb_100M_public_uint64, insert-ratio=0.100000, index=HybridPGMLIPPIncremental
Repeating lookup code 3 time(s).
Using 1 thread(s).
read 100000000 values from /scratch/gpfs/MENGDIW/shuzhen/COS568-LI-SP26/data/fb_100M_public_uint64 in 364 ms (274.725 M values/s)
read 2000000 values from /scratch/gpfs/MENGDIW/shuzhen/COS568-LI-SP26/data/fb_100M_public_uint64_ops_2M_0.000000rq_0.500000nl_0.100000i_0m_mix in 27 ms (74.0741 M values/s)
read 99800000 values from /scratch/gpfs/MENGDIW/shuzhen/COS568-LI-SP26/data/fb_100M_public_uint64_ops_2M_0.000000rq_0.500000nl_0.100000i_0m_mix_bulkload in 726 ms (137.466 M values/s)
Data is unique.
Variable rsum was: 0
RESULT: HybridPGMLIPPIncremental,8453663,6570130,4666132index size,12700726200Throughput: ,1.38938,1.30191,1.26223Variant: ,double-buffered-compliantVariant: ,32768:64:64
Variable rsum was: 0
RESULT: HybridPGMLIPPIncremental,4262766,4121298,4150231index size,12700726200Throughput: ,1.34225,1.40787,1.40515Variant: ,double-buffered-compliantVariant: ,32768:128:128
Variable rsum was: 0
RESULT: HybridPGMLIPPIncremental,4150915,4098158,4135655index size,12700726440Throughput: ,1.30352,1.32512,1.36312Variant: ,double-buffered-compliantVariant: ,65536:64:32
Variable rsum was: 0
RESULT: HybridPGMLIPPIncremental,4019407,4271827,4167203index size,12700726440Throughput: ,1.38737,1.20139,1.2489Variant: ,double-buffered-compliantVariant: ,65536:128:64
Variable rsum was: 0
RESULT: HybridPGMLIPPIncremental,4261862,4204483,4118359index size,12696383792Throughput: ,1.24126,1.2471,1.20467Variant: ,double-buffered-compliantVariant: ,131072:64:64
End: Fri Mar 27 23:58:01 EDT 2026
