Host: della-i13n9
Start: Fri Mar 27 21:07:42 EDT 2026
Run root: /scratch/gpfs/MENGDIW/shuzhen/COS568-LI-SP26-runs/milestone3/6150759
Dataset: books_100M_public_uint64
Insert ratio: 0.100000
Executing dataset=books_100M_public_uint64, insert-ratio=0.100000, index=LIPP
Repeating lookup code 3 time(s).
Using 1 thread(s).
read 100000000 values from /scratch/gpfs/MENGDIW/shuzhen/COS568-LI-SP26/data/books_100M_public_uint64 in 613 ms (163.132 M values/s)
read 2000000 values from /scratch/gpfs/MENGDIW/shuzhen/COS568-LI-SP26/data/books_100M_public_uint64_ops_2M_0.000000rq_0.500000nl_0.100000i_0m_mix in 42 ms (47.619 M values/s)
read 99800000 values from /scratch/gpfs/MENGDIW/shuzhen/COS568-LI-SP26/data/books_100M_public_uint64_ops_2M_0.000000rq_0.500000nl_0.100000i_0m_mix_bulkload in 1368 ms (72.9532 M values/s)
Data is unique.
Variable rsum was: 0
RESULT: LIPP,10238368,7997363,5485034index size,11818525760Throughput: ,18.8787,17.9007,20.5952
Executing dataset=books_100M_public_uint64, insert-ratio=0.100000, index=DynamicPGM
Repeating lookup code 3 time(s).
Using 1 thread(s).
read 100000000 values from /scratch/gpfs/MENGDIW/shuzhen/COS568-LI-SP26/data/books_100M_public_uint64 in 477 ms (209.644 M values/s)
read 2000000 values from /scratch/gpfs/MENGDIW/shuzhen/COS568-LI-SP26/data/books_100M_public_uint64_ops_2M_0.000000rq_0.500000nl_0.100000i_0m_mix in 41 ms (48.7805 M values/s)
read 99800000 values from /scratch/gpfs/MENGDIW/shuzhen/COS568-LI-SP26/data/books_100M_public_uint64_ops_2M_0.000000rq_0.500000nl_0.100000i_0m_mix_bulkload in 987 ms (101.114 M values/s)
Data is unique.
Variable rsum was: 0
RESULT: DynamicPGM,3416471,3406799,3370138index size,1703429848Throughput: ,0.984421,0.992076,1.00462Variant: ,LinearSearchVariant: ,32
Variable rsum was: 0
RESULT: DynamicPGM,2621532,2641784,2722030index size,1700049908Throughput: ,1.01342,0.998785,1.0021Variant: ,InterpolationSearchVariant: ,128
Variable rsum was: 0
RESULT: DynamicPGM,2654697,2603666,2588530index size,1700010848Throughput: ,0.97588,0.976177,0.977585Variant: ,InterpolationSearchVariant: ,256
Executing dataset=books_100M_public_uint64, insert-ratio=0.100000, index=HybridPGMLIPP
Repeating lookup code 3 time(s).
Using 1 thread(s).
read 100000000 values from /scratch/gpfs/MENGDIW/shuzhen/COS568-LI-SP26/data/books_100M_public_uint64 in 548 ms (182.482 M values/s)
read 2000000 values from /scratch/gpfs/MENGDIW/shuzhen/COS568-LI-SP26/data/books_100M_public_uint64_ops_2M_0.000000rq_0.500000nl_0.100000i_0m_mix in 40 ms (50 M values/s)
read 99800000 values from /scratch/gpfs/MENGDIW/shuzhen/COS568-LI-SP26/data/books_100M_public_uint64_ops_2M_0.000000rq_0.500000nl_0.100000i_0m_mix_bulkload in 1077 ms (92.6648 M values/s)
Data is unique.
Variable rsum was: 0
RESULT: HybridPGMLIPP,10019824,7740509,5204203index size,11815940792Throughput: ,1.43705,1.32372,1.31943Variant: ,naive-flushVariant: ,131072
Executing dataset=books_100M_public_uint64, insert-ratio=0.100000, index=HybridPGMLIPPIncremental
Repeating lookup code 3 time(s).
Using 1 thread(s).
read 100000000 values from /scratch/gpfs/MENGDIW/shuzhen/COS568-LI-SP26/data/books_100M_public_uint64 in 449 ms (222.717 M values/s)
read 2000000 values from /scratch/gpfs/MENGDIW/shuzhen/COS568-LI-SP26/data/books_100M_public_uint64_ops_2M_0.000000rq_0.500000nl_0.100000i_0m_mix in 31 ms (64.5161 M values/s)
read 99800000 values from /scratch/gpfs/MENGDIW/shuzhen/COS568-LI-SP26/data/books_100M_public_uint64_ops_2M_0.000000rq_0.500000nl_0.100000i_0m_mix_bulkload in 1152 ms (86.6319 M values/s)
Data is unique.
Variable rsum was: 0
RESULT: HybridPGMLIPPIncremental,10312622,7888812,5432107index size,11819229568Throughput: ,2.94184,2.7197,2.7579Variant: ,hash-cache-double-bufferedVariant: ,131072:16:0:1:0
Variable rsum was: 0
RESULT: HybridPGMLIPPIncremental,5390719,5339410,5404716index size,11818700232Throughput: ,3.24089,3.29438,3.22636Variant: ,hash-cache-double-bufferedVariant: ,262144:8:0:1:0
Variable rsum was: 0
RESULT: HybridPGMLIPPIncremental,5383570,5446592,5367915index size,11818700232Throughput: ,3.20796,3.22908,3.26006Variant: ,hash-cache-double-bufferedVariant: ,262144:32:0:1:0
Variable rsum was: 0
RESULT: HybridPGMLIPPIncremental,5391866,5449805,5378891index size,11819491712Throughput: ,3.10107,3.02346,3.0086Variant: ,hash-assisted-double-bufferedVariant: ,131072:16:0:1:1
Variable rsum was: 0
RESULT: HybridPGMLIPPIncremental,5413492,5380113,5381595index size,11819224520Throughput: ,3.62472,3.65568,3.54625Variant: ,hash-assisted-double-bufferedVariant: ,262144:8:0:1:1
Variable rsum was: 0
RESULT: HybridPGMLIPPIncremental,5443638,5406459,5377664index size,11819224520Throughput: ,3.63955,3.64061,3.67222Variant: ,hash-assisted-double-bufferedVariant: ,262144:32:0:1:1
End: Fri Mar 27 21:15:21 EDT 2026
