Host: della-h16n18
Start: Fri Mar 27 08:43:55 PM EDT 2026
Run root: /scratch/gpfs/MENGDIW/shuzhen/COS568-LI-SP26-runs/milestone3/6150116
Dataset: books_100M_public_uint64
Insert ratio: 0.900000
Executing dataset=books_100M_public_uint64, insert-ratio=0.900000, index=LIPP
Repeating lookup code 3 time(s).
Using 1 thread(s).
read 100000000 values from /scratch/gpfs/MENGDIW/shuzhen/COS568-LI-SP26/data/books_100M_public_uint64 in 350 ms (285.714 M values/s)
read 2000000 values from /scratch/gpfs/MENGDIW/shuzhen/COS568-LI-SP26/data/books_100M_public_uint64_ops_2M_0.000000rq_0.500000nl_0.900000i_0m_mix in 28 ms (71.4286 M values/s)
read 98200000 values from /scratch/gpfs/MENGDIW/shuzhen/COS568-LI-SP26/data/books_100M_public_uint64_ops_2M_0.000000rq_0.500000nl_0.900000i_0m_mix_bulkload in 675 ms (145.481 M values/s)
Data is unique.
Variable rsum was: 0
RESULT: LIPP,7832453,5953397,3747523index size,11753613200Throughput: ,2.99441,2.65052,2.59109
Executing dataset=books_100M_public_uint64, insert-ratio=0.900000, index=DynamicPGM
Repeating lookup code 3 time(s).
Using 1 thread(s).
read 100000000 values from /scratch/gpfs/MENGDIW/shuzhen/COS568-LI-SP26/data/books_100M_public_uint64 in 340 ms (294.118 M values/s)
read 2000000 values from /scratch/gpfs/MENGDIW/shuzhen/COS568-LI-SP26/data/books_100M_public_uint64_ops_2M_0.000000rq_0.500000nl_0.900000i_0m_mix in 23 ms (86.9565 M values/s)
read 98200000 values from /scratch/gpfs/MENGDIW/shuzhen/COS568-LI-SP26/data/books_100M_public_uint64_ops_2M_0.000000rq_0.500000nl_0.900000i_0m_mix_bulkload in 676 ms (145.266 M values/s)
Data is unique.
Variable rsum was: 0
RESULT: DynamicPGM,2527641,2525753,2529587index size,1703241188Throughput: ,4.10138,4.25799,4.11737Variant: ,LinearSearchVariant: ,32
Variable rsum was: 0
RESULT: DynamicPGM,2029266,2039728,2030548index size,1700049408Throughput: ,3.6051,3.49304,3.63034Variant: ,InterpolationSearchVariant: ,128
Variable rsum was: 0
RESULT: DynamicPGM,1985737,1985607,1986821index size,1700011168Throughput: ,3.53558,3.5813,3.5711Variant: ,InterpolationSearchVariant: ,256
Executing dataset=books_100M_public_uint64, insert-ratio=0.900000, index=HybridPGMLIPP
Repeating lookup code 3 time(s).
Using 1 thread(s).
read 100000000 values from /scratch/gpfs/MENGDIW/shuzhen/COS568-LI-SP26/data/books_100M_public_uint64 in 336 ms (297.619 M values/s)
read 2000000 values from /scratch/gpfs/MENGDIW/shuzhen/COS568-LI-SP26/data/books_100M_public_uint64_ops_2M_0.000000rq_0.500000nl_0.900000i_0m_mix in 25 ms (80 M values/s)
read 98200000 values from /scratch/gpfs/MENGDIW/shuzhen/COS568-LI-SP26/data/books_100M_public_uint64_ops_2M_0.000000rq_0.500000nl_0.900000i_0m_mix_bulkload in 674 ms (145.697 M values/s)
Data is unique.
Variable rsum was: 0
RESULT: HybridPGMLIPP,7825038,5935739,3725292index size,11750043544Throughput: ,2.12484,2.17666,2.17868Variant: ,naive-flushVariant: ,131072
Executing dataset=books_100M_public_uint64, insert-ratio=0.900000, index=HybridPGMLIPPIncremental
Repeating lookup code 3 time(s).
Using 1 thread(s).
read 100000000 values from /scratch/gpfs/MENGDIW/shuzhen/COS568-LI-SP26/data/books_100M_public_uint64 in 342 ms (292.398 M values/s)
read 2000000 values from /scratch/gpfs/MENGDIW/shuzhen/COS568-LI-SP26/data/books_100M_public_uint64_ops_2M_0.000000rq_0.500000nl_0.900000i_0m_mix in 30 ms (66.6667 M values/s)
read 98200000 values from /scratch/gpfs/MENGDIW/shuzhen/COS568-LI-SP26/data/books_100M_public_uint64_ops_2M_0.000000rq_0.500000nl_0.900000i_0m_mix_bulkload in 672 ms (146.131 M values/s)
Data is unique.
Variable rsum was: 0
RESULT: HybridPGMLIPPIncremental,7893618,5894313,3655307index size,11750043776Throughput: ,2.20099,2.16452,2.20879Variant: ,double-buffered-no-cacheVariant: ,131072:256:0:0
Variable rsum was: 0
RESULT: HybridPGMLIPPIncremental,3658765,5882242,3747084index size,11750043776Throughput: ,2.20832,2.14288,2.17192Variant: ,double-buffered-no-cacheVariant: ,131072:1024:0:0
Variable rsum was: 0
RESULT: HybridPGMLIPPIncremental,3659629,5992641,3680546index size,11745100584Throughput: ,2.15744,2.24321,2.26927Variant: ,double-buffered-no-cacheVariant: ,262144:512:0:0
Variable rsum was: 0
RESULT: HybridPGMLIPPIncremental,3650118,5984524,3635880index size,11745100584Throughput: ,2.32162,2.34481,2.33845Variant: ,double-buffered-no-cacheVariant: ,262144:2048:0:0
End: Fri Mar 27 08:49:12 PM EDT 2026
