Host: della-r3c1n1
Start: Fri Mar 27 23:52:23 EDT 2026
Run root: /scratch/gpfs/MENGDIW/shuzhen/COS568-LI-SP26-runs/milestone3/6154412
Dataset: books_100M_public_uint64
Insert ratio: 0.900000
Executing dataset=books_100M_public_uint64, insert-ratio=0.900000, index=LIPP
Repeating lookup code 3 time(s).
Using 1 thread(s).
read 100000000 values from /scratch/gpfs/MENGDIW/shuzhen/COS568-LI-SP26/data/books_100M_public_uint64 in 436 ms (229.358 M values/s)
read 2000000 values from /scratch/gpfs/MENGDIW/shuzhen/COS568-LI-SP26/data/books_100M_public_uint64_ops_2M_0.000000rq_0.500000nl_0.900000i_0m_mix in 40 ms (50 M values/s)
read 98200000 values from /scratch/gpfs/MENGDIW/shuzhen/COS568-LI-SP26/data/books_100M_public_uint64_ops_2M_0.000000rq_0.500000nl_0.900000i_0m_mix_bulkload in 928 ms (105.819 M values/s)
Data is unique.
Variable rsum was: 0
RESULT: LIPP,9865311,7758345,5340037index size,11753613200Throughput: ,3.04655,2.58014,2.67065
Executing dataset=books_100M_public_uint64, insert-ratio=0.900000, index=DynamicPGM
Repeating lookup code 3 time(s).
Using 1 thread(s).
read 100000000 values from /scratch/gpfs/MENGDIW/shuzhen/COS568-LI-SP26/data/books_100M_public_uint64 in 377 ms (265.252 M values/s)
read 2000000 values from /scratch/gpfs/MENGDIW/shuzhen/COS568-LI-SP26/data/books_100M_public_uint64_ops_2M_0.000000rq_0.500000nl_0.900000i_0m_mix in 32 ms (62.5 M values/s)
read 98200000 values from /scratch/gpfs/MENGDIW/shuzhen/COS568-LI-SP26/data/books_100M_public_uint64_ops_2M_0.000000rq_0.500000nl_0.900000i_0m_mix_bulkload in 798 ms (123.058 M values/s)
Data is unique.
Variable rsum was: 0
RESULT: DynamicPGM,3466743,3460386,3443364index size,1703241188Throughput: ,3.02379,3.0282,3.13358Variant: ,LinearSearchVariant: ,32
Variable rsum was: 0
RESULT: DynamicPGM,2696258,2696725,2695642index size,1700049408Throughput: ,2.89253,2.89879,2.92554Variant: ,InterpolationSearchVariant: ,128
Variable rsum was: 0
RESULT: DynamicPGM,2619206,2621809,2627511index size,1700011168Throughput: ,3.05411,3.04404,3.00381Variant: ,InterpolationSearchVariant: ,256
Executing dataset=books_100M_public_uint64, insert-ratio=0.900000, index=HybridPGMLIPP
Repeating lookup code 3 time(s).
Using 1 thread(s).
read 100000000 values from /scratch/gpfs/MENGDIW/shuzhen/COS568-LI-SP26/data/books_100M_public_uint64 in 433 ms (230.947 M values/s)
read 2000000 values from /scratch/gpfs/MENGDIW/shuzhen/COS568-LI-SP26/data/books_100M_public_uint64_ops_2M_0.000000rq_0.500000nl_0.900000i_0m_mix in 36 ms (55.5556 M values/s)
read 98200000 values from /scratch/gpfs/MENGDIW/shuzhen/COS568-LI-SP26/data/books_100M_public_uint64_ops_2M_0.000000rq_0.500000nl_0.900000i_0m_mix_bulkload in 822 ms (119.465 M values/s)
Data is unique.
Variable rsum was: 0
RESULT: HybridPGMLIPP,9913674,7741049,5439920index size,11750043544Throughput: ,2.04067,2.01297,2.05051Variant: ,naive-flushVariant: ,131072
Executing dataset=books_100M_public_uint64, insert-ratio=0.900000, index=HybridPGMLIPPIncremental
Repeating lookup code 3 time(s).
Using 1 thread(s).
read 100000000 values from /scratch/gpfs/MENGDIW/shuzhen/COS568-LI-SP26/data/books_100M_public_uint64 in 434 ms (230.415 M values/s)
read 2000000 values from /scratch/gpfs/MENGDIW/shuzhen/COS568-LI-SP26/data/books_100M_public_uint64_ops_2M_0.000000rq_0.500000nl_0.900000i_0m_mix in 32 ms (62.5 M values/s)
read 98200000 values from /scratch/gpfs/MENGDIW/shuzhen/COS568-LI-SP26/data/books_100M_public_uint64_ops_2M_0.000000rq_0.500000nl_0.900000i_0m_mix_bulkload in 844 ms (116.351 M values/s)
Data is unique.
Variable rsum was: 0
RESULT: HybridPGMLIPPIncremental,10097236,7796835,5419457index size,11750043760Throughput: ,1.95468,1.92783,1.90535Variant: ,double-buffered-compliantVariant: ,131072:1024:0
Variable rsum was: 0
RESULT: HybridPGMLIPPIncremental,5336839,7867235,5322417index size,11745100568Throughput: ,1.96578,1.98742,2.0046Variant: ,double-buffered-compliantVariant: ,262144:512:0
Variable rsum was: 0
RESULT: HybridPGMLIPPIncremental,5410518,7883263,5294427index size,11745100568Throughput: ,1.97004,1.96275,2.02932Variant: ,double-buffered-compliantVariant: ,262144:2048:0
Variable rsum was: 0
RESULT: HybridPGMLIPPIncremental,5376162,7742295,5305577index size,11745100568Throughput: ,1.98337,2.01032,1.9866Variant: ,double-buffered-compliantVariant: ,262144:2048:32
Variable rsum was: 0
RESULT: HybridPGMLIPPIncremental,5352386,5287814,5357737index size,11745102968Throughput: ,1.92332,1.98388,1.9257Variant: ,double-buffered-compliantVariant: ,524288:2048:0
Variable rsum was: 0
RESULT: HybridPGMLIPPIncremental,7838393,5397126,5381779index size,11745102968Throughput: ,1.93582,1.8977,1.9443Variant: ,double-buffered-compliantVariant: ,524288:4096:32
End: Sat Mar 28 00:00:03 EDT 2026
