Host: della-i13n19
Start: Sat Mar 28 13:52:53 EDT 2026
Run root: /scratch/gpfs/MENGDIW/shuzhen/COS568-LI-SP26-runs/milestone3_lookup_specialized/6175660
Dataset: fb_100M_public_uint64
Executing dataset=fb_100M_public_uint64, insert-ratio=0.100000, index=LIPP
Repeating lookup code 3 time(s).
Using 1 thread(s).
read 100000000 values from /scratch/gpfs/MENGDIW/shuzhen/COS568-LI-SP26/data/fb_100M_public_uint64 in 342 ms (292.398 M values/s)
read 2000000 values from /scratch/gpfs/MENGDIW/shuzhen/COS568-LI-SP26/data/fb_100M_public_uint64_ops_2M_0.000000rq_0.500000nl_0.100000i_0m_mix in 25 ms (80 M values/s)
read 99800000 values from /scratch/gpfs/MENGDIW/shuzhen/COS568-LI-SP26/data/fb_100M_public_uint64_ops_2M_0.000000rq_0.500000nl_0.100000i_0m_mix_bulkload in 690 ms (144.638 M values/s)
Data is unique.
Variable rsum was: 0
RESULT: LIPP,9142040,6919589,4873743index size,12700946864Throughput: ,19.1067,17.843,17.7859
Executing dataset=fb_100M_public_uint64, insert-ratio=0.100000, index=HybridPGMLIPPIncremental, params=131072,256,0,0,0,0,0,1
Repeating lookup code 3 time(s).
Using 1 thread(s).
read 100000000 values from /scratch/gpfs/MENGDIW/shuzhen/COS568-LI-SP26/data/fb_100M_public_uint64 in 345 ms (289.855 M values/s)
read 2000000 values from /scratch/gpfs/MENGDIW/shuzhen/COS568-LI-SP26/data/fb_100M_public_uint64_ops_2M_0.000000rq_0.500000nl_0.100000i_0m_mix in 24 ms (83.3333 M values/s)
read 99800000 values from /scratch/gpfs/MENGDIW/shuzhen/COS568-LI-SP26/data/fb_100M_public_uint64_ops_2M_0.000000rq_0.500000nl_0.100000i_0m_mix_bulkload in 701 ms (142.368 M values/s)
Data is unique.
Variable rsum was: 0
RESULT: HybridPGMLIPPIncremental,9143392,6959308,4918235index size,12700946864Throughput: ,4.74883,4.07474,3.97975Variant: ,direct-main-lippVariant: ,131072:256:0:0:0:0:0:1
Executing dataset=fb_100M_public_uint64, insert-ratio=0.100000, index=HybridPGMLIPPDirectLippSpecialized
Repeating lookup code 3 time(s).
Using 1 thread(s).
read 100000000 values from /scratch/gpfs/MENGDIW/shuzhen/COS568-LI-SP26/data/fb_100M_public_uint64 in 346 ms (289.017 M values/s)
read 2000000 values from /scratch/gpfs/MENGDIW/shuzhen/COS568-LI-SP26/data/fb_100M_public_uint64_ops_2M_0.000000rq_0.500000nl_0.100000i_0m_mix in 24 ms (83.3333 M values/s)
read 99800000 values from /scratch/gpfs/MENGDIW/shuzhen/COS568-LI-SP26/data/fb_100M_public_uint64_ops_2M_0.000000rq_0.500000nl_0.100000i_0m_mix_bulkload in 701 ms (142.368 M values/s)
Data is unique.
Variable rsum was: 0
RESULT: HybridPGMLIPPDirectLippSpecialized,9035785,7026271,4892197index size,12700946864Throughput: ,19.0986,17.5371,17.391Variant: ,direct-main-lipp-specialized
End: Sat Mar 28 13:55:08 EDT 2026
