Host: della-i13n20
Start: Sat Mar 28 13:52:17 EDT 2026
Run root: /scratch/gpfs/MENGDIW/shuzhen/COS568-LI-SP26-runs/milestone3_lookup_sharded_specialized/6175642
Dataset: osmc_100M_public_uint64
Executing dataset=osmc_100M_public_uint64, insert-ratio=0.100000, index=LIPP
Repeating lookup code 3 time(s).
Using 1 thread(s).
read 100000000 values from /scratch/gpfs/MENGDIW/shuzhen/COS568-LI-SP26/data/osmc_100M_public_uint64 in 390 ms (256.41 M values/s)
read 2000000 values from /scratch/gpfs/MENGDIW/shuzhen/COS568-LI-SP26/data/osmc_100M_public_uint64_ops_2M_0.000000rq_0.500000nl_0.100000i_0m_mix in 28 ms (71.4286 M values/s)
read 99800000 values from /scratch/gpfs/MENGDIW/shuzhen/COS568-LI-SP26/data/osmc_100M_public_uint64_ops_2M_0.000000rq_0.500000nl_0.100000i_0m_mix_bulkload in 892 ms (111.883 M values/s)
Data is unique.
Variable rsum was: 0
RESULT: LIPP,14137235,8916557,6708264index size,20602887232Throughput: ,14.2656,13.7002,13.5044
Executing dataset=osmc_100M_public_uint64, insert-ratio=0.100000, index=HybridPGMLIPPDirectLippSpecialized
Repeating lookup code 3 time(s).
Using 1 thread(s).
read 100000000 values from /scratch/gpfs/MENGDIW/shuzhen/COS568-LI-SP26/data/osmc_100M_public_uint64 in 350 ms (285.714 M values/s)
read 2000000 values from /scratch/gpfs/MENGDIW/shuzhen/COS568-LI-SP26/data/osmc_100M_public_uint64_ops_2M_0.000000rq_0.500000nl_0.100000i_0m_mix in 26 ms (76.9231 M values/s)
read 99800000 values from /scratch/gpfs/MENGDIW/shuzhen/COS568-LI-SP26/data/osmc_100M_public_uint64_ops_2M_0.000000rq_0.500000nl_0.100000i_0m_mix_bulkload in 716 ms (139.385 M values/s)
Data is unique.
Variable rsum was: 0
RESULT: HybridPGMLIPPDirectLippSpecialized,13904897,8904309,6710694index size,20602887232Throughput: ,14.0446,13.1371,13.6148Variant: ,direct-main-lipp-specialized
Executing dataset=osmc_100M_public_uint64, insert-ratio=0.100000, index=HybridPGMLIPPWriteThroughSpecialized
Repeating lookup code 3 time(s).
Using 1 thread(s).
read 100000000 values from /scratch/gpfs/MENGDIW/shuzhen/COS568-LI-SP26/data/osmc_100M_public_uint64 in 353 ms (283.286 M values/s)
read 2000000 values from /scratch/gpfs/MENGDIW/shuzhen/COS568-LI-SP26/data/osmc_100M_public_uint64_ops_2M_0.000000rq_0.500000nl_0.100000i_0m_mix in 25 ms (80 M values/s)
read 99800000 values from /scratch/gpfs/MENGDIW/shuzhen/COS568-LI-SP26/data/osmc_100M_public_uint64_ops_2M_0.000000rq_0.500000nl_0.100000i_0m_mix_bulkload in 717 ms (139.191 M values/s)
Data is unique.
Variable rsum was: 0
RESULT: HybridPGMLIPPSpecialized,14138846,8888873,6660392index size,20606287712Throughput: ,11.9329,11.9553,11.8503Variant: ,lookup-write-through-specialized
Executing dataset=osmc_100M_public_uint64, insert-ratio=0.100000, index=HybridPGMLIPPLookupShardedSpecialized4
Repeating lookup code 3 time(s).
Using 1 thread(s).
read 100000000 values from /scratch/gpfs/MENGDIW/shuzhen/COS568-LI-SP26/data/osmc_100M_public_uint64 in 349 ms (286.533 M values/s)
read 2000000 values from /scratch/gpfs/MENGDIW/shuzhen/COS568-LI-SP26/data/osmc_100M_public_uint64_ops_2M_0.000000rq_0.500000nl_0.100000i_0m_mix in 25 ms (80 M values/s)
read 99800000 values from /scratch/gpfs/MENGDIW/shuzhen/COS568-LI-SP26/data/osmc_100M_public_uint64_ops_2M_0.000000rq_0.500000nl_0.100000i_0m_mix_bulkload in 716 ms (139.385 M values/s)
Data is unique.
Variable rsum was: 0
RESULT: HybridPGMLIPPSpecialized,13952322,9010900,6665206index size,20589194096Throughput: ,2.84424,2.63293,2.64691Variant: ,lookup-no-flush-sharded-specializedVariant: ,4
Executing dataset=osmc_100M_public_uint64, insert-ratio=0.100000, index=HybridPGMLIPPLookupShardedSpecialized6
Repeating lookup code 3 time(s).
Using 1 thread(s).
read 100000000 values from /scratch/gpfs/MENGDIW/shuzhen/COS568-LI-SP26/data/osmc_100M_public_uint64 in 346 ms (289.017 M values/s)
read 2000000 values from /scratch/gpfs/MENGDIW/shuzhen/COS568-LI-SP26/data/osmc_100M_public_uint64_ops_2M_0.000000rq_0.500000nl_0.100000i_0m_mix in 26 ms (76.9231 M values/s)
read 99800000 values from /scratch/gpfs/MENGDIW/shuzhen/COS568-LI-SP26/data/osmc_100M_public_uint64_ops_2M_0.000000rq_0.500000nl_0.100000i_0m_mix_bulkload in 710 ms (140.563 M values/s)
Data is unique.
Variable rsum was: 0
RESULT: HybridPGMLIPPSpecialized,13882230,8940469,6712291index size,20589209456Throughput: ,3.03228,2.78255,2.80216Variant: ,lookup-no-flush-sharded-specializedVariant: ,6
Executing dataset=osmc_100M_public_uint64, insert-ratio=0.100000, index=HybridPGMLIPPLookupShardedSpecialized8
Repeating lookup code 3 time(s).
Using 1 thread(s).
read 100000000 values from /scratch/gpfs/MENGDIW/shuzhen/COS568-LI-SP26/data/osmc_100M_public_uint64 in 344 ms (290.698 M values/s)
read 2000000 values from /scratch/gpfs/MENGDIW/shuzhen/COS568-LI-SP26/data/osmc_100M_public_uint64_ops_2M_0.000000rq_0.500000nl_0.100000i_0m_mix in 26 ms (76.9231 M values/s)
read 99800000 values from /scratch/gpfs/MENGDIW/shuzhen/COS568-LI-SP26/data/osmc_100M_public_uint64_ops_2M_0.000000rq_0.500000nl_0.100000i_0m_mix_bulkload in 705 ms (141.56 M values/s)
Data is unique.
Variable rsum was: 0
