Host: della-r3c4n8
Start: Sat Mar 28 01:33:37 EDT 2026
Run root: /scratch/gpfs/MENGDIW/shuzhen/COS568-LI-SP26-runs/milestone3_lookup_headtohead/6156448
Dataset: books_100M_public_uint64
Executing dataset=books_100M_public_uint64, insert-ratio=0.100000, index=LIPP
Repeating lookup code 3 time(s).
Using 1 thread(s).
read 100000000 values from /scratch/gpfs/MENGDIW/shuzhen/COS568-LI-SP26/data/books_100M_public_uint64 in 845 ms (118.343 M values/s)
read 2000000 values from /scratch/gpfs/MENGDIW/shuzhen/COS568-LI-SP26/data/books_100M_public_uint64_ops_2M_0.000000rq_0.500000nl_0.100000i_0m_mix in 51 ms (39.2157 M values/s)
read 99800000 values from /scratch/gpfs/MENGDIW/shuzhen/COS568-LI-SP26/data/books_100M_public_uint64_ops_2M_0.000000rq_0.500000nl_0.100000i_0m_mix_bulkload in 1741 ms (57.3234 M values/s)
Data is unique.
Variable rsum was: 0
RESULT: LIPP,10718928,8545683,5754639index size,11818525760Throughput: ,20.5501,19.7988,19.6333
Executing dataset=books_100M_public_uint64, insert-ratio=0.100000, index=HybridPGMLIPPIncremental, params=131072,256,0,0,0,0,0,1
Repeating lookup code 3 time(s).
Using 1 thread(s).
read 100000000 values from /scratch/gpfs/MENGDIW/shuzhen/COS568-LI-SP26/data/books_100M_public_uint64 in 638 ms (156.74 M values/s)
read 2000000 values from /scratch/gpfs/MENGDIW/shuzhen/COS568-LI-SP26/data/books_100M_public_uint64_ops_2M_0.000000rq_0.500000nl_0.100000i_0m_mix in 47 ms (42.5532 M values/s)
read 99800000 values from /scratch/gpfs/MENGDIW/shuzhen/COS568-LI-SP26/data/books_100M_public_uint64_ops_2M_0.000000rq_0.500000nl_0.100000i_0m_mix_bulkload in 1375 ms (72.5818 M values/s)
Data is unique.
Variable rsum was: 0
RESULT: HybridPGMLIPPIncremental,10673542,8467022,5704904index size,11818525760Throughput: ,4.46441,3.93519,4.04189Variant: ,direct-main-lippVariant: ,131072:256:0:0:0:0:0:1
Executing dataset=books_100M_public_uint64, insert-ratio=0.100000, index=HybridPGMLIPPIncremental, params=262144,1,0,1,1,6,0,0
Repeating lookup code 3 time(s).
Using 1 thread(s).
read 100000000 values from /scratch/gpfs/MENGDIW/shuzhen/COS568-LI-SP26/data/books_100M_public_uint64 in 732 ms (136.612 M values/s)
read 2000000 values from /scratch/gpfs/MENGDIW/shuzhen/COS568-LI-SP26/data/books_100M_public_uint64_ops_2M_0.000000rq_0.500000nl_0.100000i_0m_mix in 52 ms (38.4615 M values/s)
read 99800000 values from /scratch/gpfs/MENGDIW/shuzhen/COS568-LI-SP26/data/books_100M_public_uint64_ops_2M_0.000000rq_0.500000nl_0.100000i_0m_mix_bulkload in 1403 ms (71.1333 M values/s)
Data is unique.
Variable rsum was: 0
RESULT: HybridPGMLIPPIncremental,10824938,8444459,8300263index size,11828735576Throughput: ,3.62979,3.3103,3.35283Variant: ,double-buffered-compliant-lipp-firstVariant: ,262144:1:0:1:1:6:0:0
Executing dataset=books_100M_public_uint64, insert-ratio=0.100000, index=HybridPGMLIPPIncremental, params=262144,1,0,1,1,0,0,0
Repeating lookup code 3 time(s).
Using 1 thread(s).
read 100000000 values from /scratch/gpfs/MENGDIW/shuzhen/COS568-LI-SP26/data/books_100M_public_uint64 in 781 ms (128.041 M values/s)
read 2000000 values from /scratch/gpfs/MENGDIW/shuzhen/COS568-LI-SP26/data/books_100M_public_uint64_ops_2M_0.000000rq_0.500000nl_0.100000i_0m_mix in 42 ms (47.619 M values/s)
read 99800000 values from /scratch/gpfs/MENGDIW/shuzhen/COS568-LI-SP26/data/books_100M_public_uint64_ops_2M_0.000000rq_0.500000nl_0.100000i_0m_mix_bulkload in 1485 ms (67.2054 M values/s)
Data is unique.
Variable rsum was: 0
RESULT: HybridPGMLIPPIncremental,11114768,8288187,8321020index size,11826618536Throughput: ,3.87195,3.42716,3.53413Variant: ,double-buffered-compliant-lipp-firstVariant: ,262144:1:0:1:1:0:0:0
End: Sat Mar 28 01:37:41 EDT 2026
