Host: della-h16n14
Start: Fri Mar 27 07:29:56 PM EDT 2026
Run root: /scratch/gpfs/MENGDIW/shuzhen/COS568-LI-SP26-runs/milestone3/6148820
Dataset: osmc_100M_public_uint64
Insert ratio: 0.100000
Executing dataset=osmc_100M_public_uint64, insert-ratio=0.100000, index=LIPP
Repeating lookup code 3 time(s).
Using 1 thread(s).
read 100000000 values from /scratch/gpfs/MENGDIW/shuzhen/COS568-LI-SP26/data/osmc_100M_public_uint64 in 456 ms (219.298 M values/s)
read 2000000 values from /scratch/gpfs/MENGDIW/shuzhen/COS568-LI-SP26/data/osmc_100M_public_uint64_ops_2M_0.000000rq_0.500000nl_0.100000i_0m_mix in 50 ms (40 M values/s)
read 99800000 values from /scratch/gpfs/MENGDIW/shuzhen/COS568-LI-SP26/data/osmc_100M_public_uint64_ops_2M_0.000000rq_0.500000nl_0.100000i_0m_mix_bulkload in 2026 ms (49.2596 M values/s)
Data is unique.
Variable rsum was: 0
RESULT: LIPP,12325568,7788212,5629969index size,20602887232Throughput: ,14.0146,14.8518,13.7122
Executing dataset=osmc_100M_public_uint64, insert-ratio=0.100000, index=DynamicPGM
Repeating lookup code 3 time(s).
Using 1 thread(s).
read 100000000 values from /scratch/gpfs/MENGDIW/shuzhen/COS568-LI-SP26/data/osmc_100M_public_uint64 in 378 ms (264.55 M values/s)
read 2000000 values from /scratch/gpfs/MENGDIW/shuzhen/COS568-LI-SP26/data/osmc_100M_public_uint64_ops_2M_0.000000rq_0.500000nl_0.100000i_0m_mix in 30 ms (66.6667 M values/s)
read 99800000 values from /scratch/gpfs/MENGDIW/shuzhen/COS568-LI-SP26/data/osmc_100M_public_uint64_ops_2M_0.000000rq_0.500000nl_0.100000i_0m_mix_bulkload in 718 ms (138.997 M values/s)
Data is unique.
Variable rsum was: 0
RESULT: DynamicPGM,3286861,3223192,3224993index size,1700920428Throughput: ,1.26811,1.27776,1.2595Variant: ,BinarySearchVariant: ,256
Variable rsum was: 0
RESULT: DynamicPGM,3380089,3366288,3370903index size,1703719788Throughput: ,1.44158,1.43898,1.44725Variant: ,BinarySearchVariant: ,64
Variable rsum was: 0
RESULT: DynamicPGM,3304296,3299333,3294829index size,1701834168Throughput: ,1.34749,1.35885,1.35191Variant: ,BinarySearchVariant: ,128
Executing dataset=osmc_100M_public_uint64, insert-ratio=0.100000, index=HybridPGMLIPP
Repeating lookup code 3 time(s).
Using 1 thread(s).
read 100000000 values from /scratch/gpfs/MENGDIW/shuzhen/COS568-LI-SP26/data/osmc_100M_public_uint64 in 339 ms (294.985 M values/s)
read 2000000 values from /scratch/gpfs/MENGDIW/shuzhen/COS568-LI-SP26/data/osmc_100M_public_uint64_ops_2M_0.000000rq_0.500000nl_0.100000i_0m_mix in 31 ms (64.5161 M values/s)
read 99800000 values from /scratch/gpfs/MENGDIW/shuzhen/COS568-LI-SP26/data/osmc_100M_public_uint64_ops_2M_0.000000rq_0.500000nl_0.100000i_0m_mix_bulkload in 740 ms (134.865 M values/s)
Data is unique.
Variable rsum was: 0
RESULT: HybridPGMLIPP,12204293,7732694,5590251index size,20598151864Throughput: ,1.45997,1.41721,1.39567Variant: ,naive-flushVariant: ,131072
Executing dataset=osmc_100M_public_uint64, insert-ratio=0.100000, index=HybridPGMLIPPIncremental
Repeating lookup code 3 time(s).
Using 1 thread(s).
read 100000000 values from /scratch/gpfs/MENGDIW/shuzhen/COS568-LI-SP26/data/osmc_100M_public_uint64 in 523 ms (191.205 M values/s)
read 2000000 values from /scratch/gpfs/MENGDIW/shuzhen/COS568-LI-SP26/data/osmc_100M_public_uint64_ops_2M_0.000000rq_0.500000nl_0.100000i_0m_mix in 28 ms (71.4286 M values/s)
read 99800000 values from /scratch/gpfs/MENGDIW/shuzhen/COS568-LI-SP26/data/osmc_100M_public_uint64_ops_2M_0.000000rq_0.500000nl_0.100000i_0m_mix_bulkload in 751 ms (132.889 M values/s)
Data is unique.
Variable rsum was: 0
RESULT: HybridPGMLIPPIncremental,12500092,7756615,5653166index size,20598152080Throughput: ,1.4307,1.41008,1.4048Variant: ,double-buffered-incrementalVariant: ,131072:32
Variable rsum was: 0
RESULT: HybridPGMLIPPIncremental,5685211,5613494,5638542index size,20598152080Throughput: ,1.40355,1.41735,1.42345Variant: ,double-buffered-incrementalVariant: ,131072:128
Variable rsum was: 0
RESULT: HybridPGMLIPPIncremental,5664780,5656543,5625462index size,20589188648Throughput: ,1.41929,1.4029,1.42686Variant: ,double-buffered-incrementalVariant: ,262144:64
Variable rsum was: 0
RESULT: HybridPGMLIPPIncremental,5629344,5684833,5697796index size,20589188648Throughput: ,1.42038,1.41587,1.40705Variant: ,double-buffered-incrementalVariant: ,262144:256
End: Fri Mar 27 07:37:25 PM EDT 2026
