Host: della-i13n8
Start: Fri Mar 27 21:08:13 EDT 2026
Run root: /scratch/gpfs/MENGDIW/shuzhen/COS568-LI-SP26-runs/milestone3/6150759
Dataset: osmc_100M_public_uint64
Insert ratio: 0.100000
Executing dataset=osmc_100M_public_uint64, insert-ratio=0.100000, index=LIPP
Repeating lookup code 3 time(s).
Using 1 thread(s).
read 100000000 values from /scratch/gpfs/MENGDIW/shuzhen/COS568-LI-SP26/data/osmc_100M_public_uint64 in 509 ms (196.464 M values/s)
read 2000000 values from /scratch/gpfs/MENGDIW/shuzhen/COS568-LI-SP26/data/osmc_100M_public_uint64_ops_2M_0.000000rq_0.500000nl_0.100000i_0m_mix in 37 ms (54.0541 M values/s)
read 99800000 values from /scratch/gpfs/MENGDIW/shuzhen/COS568-LI-SP26/data/osmc_100M_public_uint64_ops_2M_0.000000rq_0.500000nl_0.100000i_0m_mix_bulkload in 1011 ms (98.7141 M values/s)
Data is unique.
Variable rsum was: 0
RESULT: LIPP,14644220,9351606,7082111index size,20602887232Throughput: ,13.9275,13.2258,13.565
Executing dataset=osmc_100M_public_uint64, insert-ratio=0.100000, index=DynamicPGM
Repeating lookup code 3 time(s).
Using 1 thread(s).
read 100000000 values from /scratch/gpfs/MENGDIW/shuzhen/COS568-LI-SP26/data/osmc_100M_public_uint64 in 428 ms (233.645 M values/s)
read 2000000 values from /scratch/gpfs/MENGDIW/shuzhen/COS568-LI-SP26/data/osmc_100M_public_uint64_ops_2M_0.000000rq_0.500000nl_0.100000i_0m_mix in 28 ms (71.4286 M values/s)
read 99800000 values from /scratch/gpfs/MENGDIW/shuzhen/COS568-LI-SP26/data/osmc_100M_public_uint64_ops_2M_0.000000rq_0.500000nl_0.100000i_0m_mix_bulkload in 850 ms (117.412 M values/s)
Data is unique.
Variable rsum was: 0
RESULT: DynamicPGM,4273373,4227792,4249534index size,1700920428Throughput: ,1.01107,0.984753,0.990663Variant: ,BinarySearchVariant: ,256
Variable rsum was: 0
RESULT: DynamicPGM,4519825,4494184,4507420index size,1703719788Throughput: ,1.04089,1.03504,1.04444Variant: ,BinarySearchVariant: ,64
Variable rsum was: 0
RESULT: DynamicPGM,4312128,4293213,4285767index size,1701834168Throughput: ,1.02833,1.03034,1.03475Variant: ,BinarySearchVariant: ,128
Executing dataset=osmc_100M_public_uint64, insert-ratio=0.100000, index=HybridPGMLIPP
Repeating lookup code 3 time(s).
Using 1 thread(s).
read 100000000 values from /scratch/gpfs/MENGDIW/shuzhen/COS568-LI-SP26/data/osmc_100M_public_uint64 in 417 ms (239.808 M values/s)
read 2000000 values from /scratch/gpfs/MENGDIW/shuzhen/COS568-LI-SP26/data/osmc_100M_public_uint64_ops_2M_0.000000rq_0.500000nl_0.100000i_0m_mix in 35 ms (57.1429 M values/s)
read 99800000 values from /scratch/gpfs/MENGDIW/shuzhen/COS568-LI-SP26/data/osmc_100M_public_uint64_ops_2M_0.000000rq_0.500000nl_0.100000i_0m_mix_bulkload in 938 ms (106.397 M values/s)
Data is unique.
Variable rsum was: 0
RESULT: HybridPGMLIPP,14681738,9317381,7043139index size,20598151864Throughput: ,1.3688,1.27613,1.29202Variant: ,naive-flushVariant: ,131072
Executing dataset=osmc_100M_public_uint64, insert-ratio=0.100000, index=HybridPGMLIPPIncremental
Repeating lookup code 3 time(s).
Using 1 thread(s).
read 100000000 values from /scratch/gpfs/MENGDIW/shuzhen/COS568-LI-SP26/data/osmc_100M_public_uint64 in 435 ms (229.885 M values/s)
read 2000000 values from /scratch/gpfs/MENGDIW/shuzhen/COS568-LI-SP26/data/osmc_100M_public_uint64_ops_2M_0.000000rq_0.500000nl_0.100000i_0m_mix in 30 ms (66.6667 M values/s)
read 99800000 values from /scratch/gpfs/MENGDIW/shuzhen/COS568-LI-SP26/data/osmc_100M_public_uint64_ops_2M_0.000000rq_0.500000nl_0.100000i_0m_mix_bulkload in 863 ms (115.643 M values/s)
Data is unique.
Variable rsum was: 0
RESULT: HybridPGMLIPPIncremental,14879635,9428955,6950117index size,20601440640Throughput: ,2.47015,2.23821,2.45771Variant: ,hash-cache-double-bufferedVariant: ,131072:16:0:1:0
Variable rsum was: 0
RESULT: HybridPGMLIPPIncremental,6861228,6923045,6827424index size,20596824824Throughput: ,2.81568,2.7865,2.81044Variant: ,hash-cache-double-bufferedVariant: ,262144:8:0:1:0
Variable rsum was: 0
RESULT: HybridPGMLIPPIncremental,6862618,6898286,6941117index size,20596824824Throughput: ,2.80192,2.79073,2.75658Variant: ,hash-cache-double-bufferedVariant: ,262144:32:0:1:0
Variable rsum was: 0
RESULT: HybridPGMLIPPIncremental,6926558,6880487,6882788index size,20601702784Throughput: ,2.61932,2.64564,2.63621Variant: ,hash-assisted-double-bufferedVariant: ,131072:16:0:1:1
Variable rsum was: 0
RESULT: HybridPGMLIPPIncremental,6874850,6889399,6851128index size,20597349112Throughput: ,3.22241,3.15259,3.14277Variant: ,hash-assisted-double-bufferedVariant: ,262144:8:0:1:1
Variable rsum was: 0
RESULT: HybridPGMLIPPIncremental,6848574,6875288,6885275index size,20597349112Throughput: ,3.15291,3.17474,3.10248Variant: ,hash-assisted-double-bufferedVariant: ,262144:32:0:1:1
End: Fri Mar 27 21:18:56 EDT 2026
