Host: della-h16n18
Start: Fri Mar 27 08:42:59 PM EDT 2026
Run root: /scratch/gpfs/MENGDIW/shuzhen/COS568-LI-SP26-runs/milestone3/6150116
Dataset: books_100M_public_uint64
Insert ratio: 0.100000
Executing dataset=books_100M_public_uint64, insert-ratio=0.100000, index=LIPP
Repeating lookup code 3 time(s).
Using 1 thread(s).
read 100000000 values from /scratch/gpfs/MENGDIW/shuzhen/COS568-LI-SP26/data/books_100M_public_uint64 in 353 ms (283.286 M values/s)
read 2000000 values from /scratch/gpfs/MENGDIW/shuzhen/COS568-LI-SP26/data/books_100M_public_uint64_ops_2M_0.000000rq_0.500000nl_0.100000i_0m_mix in 28 ms (71.4286 M values/s)
read 99800000 values from /scratch/gpfs/MENGDIW/shuzhen/COS568-LI-SP26/data/books_100M_public_uint64_ops_2M_0.000000rq_0.500000nl_0.100000i_0m_mix_bulkload in 697 ms (143.185 M values/s)
Data is unique.
Variable rsum was: 0
RESULT: LIPP,7641548,5853453,3717109index size,11818525760Throughput: ,23.6671,22.3127,21.3464
Executing dataset=books_100M_public_uint64, insert-ratio=0.100000, index=DynamicPGM
Repeating lookup code 3 time(s).
Using 1 thread(s).
read 100000000 values from /scratch/gpfs/MENGDIW/shuzhen/COS568-LI-SP26/data/books_100M_public_uint64 in 344 ms (290.698 M values/s)
read 2000000 values from /scratch/gpfs/MENGDIW/shuzhen/COS568-LI-SP26/data/books_100M_public_uint64_ops_2M_0.000000rq_0.500000nl_0.100000i_0m_mix in 28 ms (71.4286 M values/s)
read 99800000 values from /scratch/gpfs/MENGDIW/shuzhen/COS568-LI-SP26/data/books_100M_public_uint64_ops_2M_0.000000rq_0.500000nl_0.100000i_0m_mix_bulkload in 687 ms (145.269 M values/s)
Data is unique.
Variable rsum was: 0
RESULT: DynamicPGM,2573786,2572108,2566366index size,1703429848Throughput: ,1.35818,1.30534,1.36205Variant: ,LinearSearchVariant: ,32
Variable rsum was: 0
RESULT: DynamicPGM,2051393,2057099,2057751index size,1700049908Throughput: ,1.02661,1.01548,0.992186Variant: ,InterpolationSearchVariant: ,128
Variable rsum was: 0
RESULT: DynamicPGM,2016925,2013702,2016844index size,1700010848Throughput: ,1.01191,1.00463,0.986907Variant: ,InterpolationSearchVariant: ,256
Executing dataset=books_100M_public_uint64, insert-ratio=0.100000, index=HybridPGMLIPP
Repeating lookup code 3 time(s).
Using 1 thread(s).
read 100000000 values from /scratch/gpfs/MENGDIW/shuzhen/COS568-LI-SP26/data/books_100M_public_uint64 in 339 ms (294.985 M values/s)
read 2000000 values from /scratch/gpfs/MENGDIW/shuzhen/COS568-LI-SP26/data/books_100M_public_uint64_ops_2M_0.000000rq_0.500000nl_0.100000i_0m_mix in 25 ms (80 M values/s)
read 99800000 values from /scratch/gpfs/MENGDIW/shuzhen/COS568-LI-SP26/data/books_100M_public_uint64_ops_2M_0.000000rq_0.500000nl_0.100000i_0m_mix_bulkload in 683 ms (146.12 M values/s)
Data is unique.
Variable rsum was: 0
RESULT: HybridPGMLIPP,7456625,6065564,3694648index size,11815940792Throughput: ,1.51679,1.37053,1.37439Variant: ,naive-flushVariant: ,131072
Executing dataset=books_100M_public_uint64, insert-ratio=0.100000, index=HybridPGMLIPPIncremental
Repeating lookup code 3 time(s).
Using 1 thread(s).
read 100000000 values from /scratch/gpfs/MENGDIW/shuzhen/COS568-LI-SP26/data/books_100M_public_uint64 in 337 ms (296.736 M values/s)
read 2000000 values from /scratch/gpfs/MENGDIW/shuzhen/COS568-LI-SP26/data/books_100M_public_uint64_ops_2M_0.000000rq_0.500000nl_0.100000i_0m_mix in 25 ms (80 M values/s)
read 99800000 values from /scratch/gpfs/MENGDIW/shuzhen/COS568-LI-SP26/data/books_100M_public_uint64_ops_2M_0.000000rq_0.500000nl_0.100000i_0m_mix_bulkload in 681 ms (146.549 M values/s)
Data is unique.
Variable rsum was: 0
RESULT: HybridPGMLIPPIncremental,7522037,5872903,3709244index size,11819491712Throughput: ,3.64363,2.91254,3.15496Variant: ,hash-assisted-double-bufferedVariant: ,131072:4:0:1
Variable rsum was: 0
RESULT: HybridPGMLIPPIncremental,3711038,3699398,3677297index size,11819491712Throughput: ,3.21772,3.33085,3.3996Variant: ,hash-assisted-double-bufferedVariant: ,131072:16:0:1
Variable rsum was: 0
RESULT: HybridPGMLIPPIncremental,3705548,3670835,3673593index size,11819224520Throughput: ,3.87452,3.79832,3.83227Variant: ,hash-assisted-double-bufferedVariant: ,262144:8:0:1
Variable rsum was: 0
RESULT: HybridPGMLIPPIncremental,3694753,3703580,3700114index size,11819224520Throughput: ,3.76028,3.73316,3.67035Variant: ,hash-assisted-double-bufferedVariant: ,262144:32:0:1
End: Fri Mar 27 08:48:16 PM EDT 2026
